{"D:\\Programming\\application\\submissions\\Backend-Developer\\Expert\\forum-api\\src\\Applications\\security\\PasswordHashInterface.js": {"path":"D:\\Programming\\application\\submissions\\Backend-Developer\\Expert\\forum-api\\src\\Applications\\security\\PasswordHashInterface.js","statementMap":{"0":{"start":{"line":1,"column":0},"end":{"line":20,"column":1}},"1":{"start":{"line":3,"column":4},"end":{"line":5,"column":5}},"2":{"start":{"line":4,"column":6},"end":{"line":4,"column":62}},"3":{"start":{"line":8,"column":17},"end":{"line":11,"column":3}},"4":{"start":{"line":14,"column":4},"end":{"line":14,"column":58}},"5":{"start":{"line":18,"column":4},"end":{"line":18,"column":58}}},"fnMap":{"0":{"name":"(anonymous_0)","decl":{"start":{"line":2,"column":2},"end":{"line":2,"column":3}},"loc":{"start":{"line":2,"column":17},"end":{"line":6,"column":3}},"line":2},"1":{"name":"(anonymous_1)","decl":{"start":{"line":13,"column":2},"end":{"line":13,"column":3}},"loc":{"start":{"line":13,"column":24},"end":{"line":15,"column":3}},"line":13},"2":{"name":"(anonymous_2)","decl":{"start":{"line":17,"column":2},"end":{"line":17,"column":3}},"loc":{"start":{"line":17,"column":38},"end":{"line":19,"column":3}},"line":17}},"branchMap":{"0":{"loc":{"start":{"line":3,"column":4},"end":{"line":5,"column":5}},"type":"if","locations":[{"start":{"line":3,"column":4},"end":{"line":5,"column":5}},{"start":{},"end":{}}],"line":3}},"s":{"0":10,"1":7,"2":1,"3":10,"4":1,"5":1},"f":{"0":7,"1":1,"2":1},"b":{"0":[1,6]},"_coverageSchema":"1a1c01bbd47fc00a2c39e90264f33305004495a9","hash":"0abaf3a41b40f1bb31620e4e555ea7c16cc6184f"}
,"D:\\Programming\\application\\submissions\\Backend-Developer\\Expert\\forum-api\\src\\Applications\\security\\TokenManagerInterface.js": {"path":"D:\\Programming\\application\\submissions\\Backend-Developer\\Expert\\forum-api\\src\\Applications\\security\\TokenManagerInterface.js","statementMap":{"0":{"start":{"line":1,"column":0},"end":{"line":36,"column":1}},"1":{"start":{"line":3,"column":4},"end":{"line":5,"column":5}},"2":{"start":{"line":4,"column":6},"end":{"line":4,"column":62}},"3":{"start":{"line":8,"column":17},"end":{"line":11,"column":3}},"4":{"start":{"line":14,"column":4},"end":{"line":14,"column":58}},"5":{"start":{"line":18,"column":4},"end":{"line":18,"column":58}},"6":{"start":{"line":22,"column":4},"end":{"line":22,"column":58}},"7":{"start":{"line":26,"column":4},"end":{"line":26,"column":58}},"8":{"start":{"line":30,"column":4},"end":{"line":30,"column":58}},"9":{"start":{"line":34,"column":4},"end":{"line":34,"column":58}}},"fnMap":{"0":{"name":"(anonymous_0)","decl":{"start":{"line":2,"column":2},"end":{"line":2,"column":3}},"loc":{"start":{"line":2,"column":17},"end":{"line":6,"column":3}},"line":2},"1":{"name":"(anonymous_1)","decl":{"start":{"line":13,"column":2},"end":{"line":13,"column":3}},"loc":{"start":{"line":13,"column":31},"end":{"line":15,"column":3}},"line":13},"2":{"name":"(anonymous_2)","decl":{"start":{"line":17,"column":2},"end":{"line":17,"column":3}},"loc":{"start":{"line":17,"column":32},"end":{"line":19,"column":3}},"line":17},"3":{"name":"(anonymous_3)","decl":{"start":{"line":21,"column":2},"end":{"line":21,"column":3}},"loc":{"start":{"line":21,"column":29},"end":{"line":23,"column":3}},"line":21},"4":{"name":"(anonymous_4)","decl":{"start":{"line":25,"column":2},"end":{"line":25,"column":3}},"loc":{"start":{"line":25,"column":28},"end":{"line":27,"column":3}},"line":25},"5":{"name":"(anonymous_5)","decl":{"start":{"line":29,"column":2},"end":{"line":29,"column":3}},"loc":{"start":{"line":29,"column":22},"end":{"line":31,"column":3}},"line":29},"6":{"name":"(anonymous_6)","decl":{"start":{"line":33,"column":2},"end":{"line":33,"column":3}},"loc":{"start":{"line":33,"column":40},"end":{"line":35,"column":3}},"line":33}},"branchMap":{"0":{"loc":{"start":{"line":3,"column":4},"end":{"line":5,"column":5}},"type":"if","locations":[{"start":{"line":3,"column":4},"end":{"line":5,"column":5}},{"start":{},"end":{}}],"line":3}},"s":{"0":12,"1":15,"2":1,"3":12,"4":1,"5":1,"6":1,"7":1,"8":1,"9":1},"f":{"0":15,"1":1,"2":1,"3":1,"4":1,"5":1,"6":1},"b":{"0":[1,14]},"_coverageSchema":"1a1c01bbd47fc00a2c39e90264f33305004495a9","hash":"0b650b820b57a506c62c74ab9419d1f0c30857c4"}
,"D:\\Programming\\application\\submissions\\Backend-Developer\\Expert\\forum-api\\src\\Applications\\use_cases\\AuthenticationUseCase.js": {"path":"D:\\Programming\\application\\submissions\\Backend-Developer\\Expert\\forum-api\\src\\Applications\\use_cases\\AuthenticationUseCase.js","statementMap":{"0":{"start":{"line":1,"column":32},"end":{"line":1,"column":86}},"1":{"start":{"line":2,"column":33},"end":{"line":2,"column":98}},"2":{"start":{"line":3,"column":30},"end":{"line":3,"column":74}},"3":{"start":{"line":4,"column":30},"end":{"line":4,"column":74}},"4":{"start":{"line":5,"column":18},"end":{"line":5,"column":67}},"5":{"start":{"line":6,"column":26},"end":{"line":6,"column":93}},"6":{"start":{"line":7,"column":21},"end":{"line":7,"column":83}},"7":{"start":{"line":9,"column":0},"end":{"line":69,"column":1}},"8":{"start":{"line":11,"column":76},"end":{"line":11,"column":131}},"9":{"start":{"line":13,"column":4},"end":{"line":13,"column":41}},"10":{"start":{"line":14,"column":4},"end":{"line":14,"column":43}},"11":{"start":{"line":15,"column":4},"end":{"line":15,"column":37}},"12":{"start":{"line":16,"column":4},"end":{"line":16,"column":37}},"13":{"start":{"line":19,"column":17},"end":{"line":24,"column":3}},"14":{"start":{"line":27,"column":76},"end":{"line":27,"column":88}},"15":{"start":{"line":29,"column":4},"end":{"line":29,"column":119}},"16":{"start":{"line":29,"column":62},"end":{"line":29,"column":119}},"17":{"start":{"line":30,"column":4},"end":{"line":30,"column":122}},"18":{"start":{"line":30,"column":64},"end":{"line":30,"column":122}},"19":{"start":{"line":31,"column":4},"end":{"line":31,"column":113}},"20":{"start":{"line":31,"column":58},"end":{"line":31,"column":113}},"21":{"start":{"line":32,"column":4},"end":{"line":32,"column":113}},"22":{"start":{"line":32,"column":58},"end":{"line":32,"column":113}},"23":{"start":{"line":34,"column":4},"end":{"line":34,"column":23}},"24":{"start":{"line":38,"column":22},"end":{"line":38,"column":44}},"25":{"start":{"line":39,"column":17},"end":{"line":39,"column":77}},"26":{"start":{"line":41,"column":4},"end":{"line":41,"column":71}},"27":{"start":{"line":43,"column":24},"end":{"line":43,"column":104}},"28":{"start":{"line":44,"column":25},"end":{"line":44,"column":106}},"29":{"start":{"line":46,"column":4},"end":{"line":46,"column":49}},"30":{"start":{"line":48,"column":4},"end":{"line":48,"column":63}},"31":{"start":{"line":52,"column":18},"end":{"line":52,"column":67}},"32":{"start":{"line":54,"column":4},"end":{"line":54,"column":63}},"33":{"start":{"line":55,"column":4},"end":{"line":55,"column":51}},"34":{"start":{"line":59,"column":18},"end":{"line":59,"column":67}},"35":{"start":{"line":61,"column":4},"end":{"line":61,"column":60}},"36":{"start":{"line":62,"column":4},"end":{"line":62,"column":63}},"37":{"start":{"line":64,"column":29},"end":{"line":64,"column":72}},"38":{"start":{"line":65,"column":24},"end":{"line":65,"column":80}},"39":{"start":{"line":67,"column":4},"end":{"line":67,"column":22}}},"fnMap":{"0":{"name":"(anonymous_0)","decl":{"start":{"line":10,"column":2},"end":{"line":10,"column":3}},"loc":{"start":{"line":10,"column":29},"end":{"line":17,"column":3}},"line":10},"1":{"name":"(anonymous_1)","decl":{"start":{"line":26,"column":2},"end":{"line":26,"column":3}},"loc":{"start":{"line":26,"column":44},"end":{"line":35,"column":3}},"line":26},"2":{"name":"(anonymous_2)","decl":{"start":{"line":37,"column":2},"end":{"line":37,"column":3}},"loc":{"start":{"line":37,"column":24},"end":{"line":49,"column":3}},"line":37},"3":{"name":"(anonymous_3)","decl":{"start":{"line":51,"column":2},"end":{"line":51,"column":3}},"loc":{"start":{"line":51,"column":25},"end":{"line":56,"column":3}},"line":51},"4":{"name":"(anonymous_4)","decl":{"start":{"line":58,"column":2},"end":{"line":58,"column":3}},"loc":{"start":{"line":58,"column":40},"end":{"line":68,"column":3}},"line":58}},"branchMap":{"0":{"loc":{"start":{"line":29,"column":4},"end":{"line":29,"column":119}},"type":"if","locations":[{"start":{"line":29,"column":4},"end":{"line":29,"column":119}},{"start":{},"end":{}}],"line":29},"1":{"loc":{"start":{"line":30,"column":4},"end":{"line":30,"column":122}},"type":"if","locations":[{"start":{"line":30,"column":4},"end":{"line":30,"column":122}},{"start":{},"end":{}}],"line":30},"2":{"loc":{"start":{"line":31,"column":4},"end":{"line":31,"column":113}},"type":"if","locations":[{"start":{"line":31,"column":4},"end":{"line":31,"column":113}},{"start":{},"end":{}}],"line":31},"3":{"loc":{"start":{"line":32,"column":4},"end":{"line":32,"column":113}},"type":"if","locations":[{"start":{"line":32,"column":4},"end":{"line":32,"column":113}},{"start":{},"end":{}}],"line":32}},"s":{"0":7,"1":7,"2":7,"3":7,"4":7,"5":7,"6":7,"7":7,"8":6,"9":2,"10":2,"11":2,"12":2,"13":7,"14":6,"15":6,"16":1,"17":5,"18":1,"19":4,"20":1,"21":3,"22":1,"23":2,"24":8,"25":4,"26":3,"27":2,"28":2,"29":2,"30":2,"31":5,"32":3,"33":2,"34":8,"35":4,"36":3,"37":2,"38":2,"39":2},"f":{"0":6,"1":6,"2":8,"3":5,"4":8},"b":{"0":[1,5],"1":[1,4],"2":[1,3],"3":[1,2]},"_coverageSchema":"1a1c01bbd47fc00a2c39e90264f33305004495a9","hash":"4357248723effc100fd89d8046f471f5f4028903"}
,"D:\\Programming\\application\\submissions\\Backend-Developer\\Expert\\forum-api\\src\\Applications\\use_cases\\CommentUseCase.js": {"path":"D:\\Programming\\application\\submissions\\Backend-Developer\\Expert\\forum-api\\src\\Applications\\use_cases\\CommentUseCase.js","statementMap":{"0":{"start":{"line":1,"column":35},"end":{"line":1,"column":95}},"1":{"start":{"line":2,"column":20},"end":{"line":2,"column":74}},"2":{"start":{"line":3,"column":19},"end":{"line":3,"column":72}},"3":{"start":{"line":4,"column":34},"end":{"line":4,"column":92}},"4":{"start":{"line":5,"column":30},"end":{"line":5,"column":74}},"5":{"start":{"line":7,"column":0},"end":{"line":63,"column":1}},"6":{"start":{"line":9,"column":66},"end":{"line":9,"column":114}},"7":{"start":{"line":11,"column":4},"end":{"line":11,"column":47}},"8":{"start":{"line":12,"column":4},"end":{"line":12,"column":45}},"9":{"start":{"line":13,"column":4},"end":{"line":13,"column":37}},"10":{"start":{"line":16,"column":17},"end":{"line":20,"column":3}},"11":{"start":{"line":23,"column":66},"end":{"line":23,"column":78}},"12":{"start":{"line":25,"column":4},"end":{"line":25,"column":121}},"13":{"start":{"line":25,"column":68},"end":{"line":25,"column":121}},"14":{"start":{"line":26,"column":4},"end":{"line":26,"column":118}},"15":{"start":{"line":26,"column":66},"end":{"line":26,"column":118}},"16":{"start":{"line":27,"column":4},"end":{"line":27,"column":106}},"17":{"start":{"line":27,"column":58},"end":{"line":27,"column":106}},"18":{"start":{"line":29,"column":4},"end":{"line":29,"column":23}},"19":{"start":{"line":33,"column":53},"end":{"line":33,"column":60}},"20":{"start":{"line":35,"column":4},"end":{"line":35,"column":58}},"21":{"start":{"line":36,"column":4},"end":{"line":36,"column":53}},"22":{"start":{"line":38,"column":27},"end":{"line":38,"column":70}},"23":{"start":{"line":40,"column":23},"end":{"line":44,"column":6}},"24":{"start":{"line":46,"column":20},"end":{"line":46,"column":65}},"25":{"start":{"line":48,"column":4},"end":{"line":48,"column":35}},"26":{"start":{"line":52,"column":36},"end":{"line":52,"column":43}},"27":{"start":{"line":54,"column":4},"end":{"line":54,"column":58}},"28":{"start":{"line":55,"column":4},"end":{"line":55,"column":53}},"29":{"start":{"line":57,"column":27},"end":{"line":57,"column":70}},"30":{"start":{"line":59,"column":4},"end":{"line":59,"column":60}},"31":{"start":{"line":60,"column":4},"end":{"line":60,"column":69}},"32":{"start":{"line":61,"column":4},"end":{"line":61,"column":59}}},"fnMap":{"0":{"name":"(anonymous_0)","decl":{"start":{"line":8,"column":2},"end":{"line":8,"column":3}},"loc":{"start":{"line":8,"column":29},"end":{"line":14,"column":3}},"line":8},"1":{"name":"(anonymous_1)","decl":{"start":{"line":22,"column":2},"end":{"line":22,"column":3}},"loc":{"start":{"line":22,"column":44},"end":{"line":30,"column":3}},"line":22},"2":{"name":"(anonymous_2)","decl":{"start":{"line":32,"column":2},"end":{"line":32,"column":3}},"loc":{"start":{"line":32,"column":35},"end":{"line":49,"column":3}},"line":32},"3":{"name":"(anonymous_3)","decl":{"start":{"line":51,"column":2},"end":{"line":51,"column":3}},"loc":{"start":{"line":51,"column":38},"end":{"line":62,"column":3}},"line":51}},"branchMap":{"0":{"loc":{"start":{"line":25,"column":4},"end":{"line":25,"column":121}},"type":"if","locations":[{"start":{"line":25,"column":4},"end":{"line":25,"column":121}},{"start":{},"end":{}}],"line":25},"1":{"loc":{"start":{"line":26,"column":4},"end":{"line":26,"column":118}},"type":"if","locations":[{"start":{"line":26,"column":4},"end":{"line":26,"column":118}},{"start":{},"end":{}}],"line":26},"2":{"loc":{"start":{"line":27,"column":4},"end":{"line":27,"column":106}},"type":"if","locations":[{"start":{"line":27,"column":4},"end":{"line":27,"column":106}},{"start":{},"end":{}}],"line":27},"3":{"loc":{"start":{"line":33,"column":12},"end":{"line":33,"column":38}},"type":"default-arg","locations":[{"start":{"line":33,"column":29},"end":{"line":33,"column":38}}],"line":33}},"s":{"0":7,"1":7,"2":7,"3":7,"4":7,"5":7,"6":5,"7":2,"8":2,"9":2,"10":7,"11":5,"12":5,"13":1,"14":4,"15":1,"16":3,"17":1,"18":2,"19":5,"20":5,"21":5,"22":5,"23":5,"24":2,"25":2,"26":4,"27":4,"28":4,"29":4,"30":4,"31":3,"32":2},"f":{"0":5,"1":5,"2":5,"3":4},"b":{"0":[1,4],"1":[1,3],"2":[1,2],"3":[2]},"_coverageSchema":"1a1c01bbd47fc00a2c39e90264f33305004495a9","hash":"b760eba83d9db5d25fe849b0f10f81c8636dbd1c"}
,"D:\\Programming\\application\\submissions\\Backend-Developer\\Expert\\forum-api\\src\\Applications\\use_cases\\ReplyUseCase.js": {"path":"D:\\Programming\\application\\submissions\\Backend-Developer\\Expert\\forum-api\\src\\Applications\\use_cases\\ReplyUseCase.js","statementMap":{"0":{"start":{"line":1,"column":33},"end":{"line":1,"column":90}},"1":{"start":{"line":2,"column":35},"end":{"line":2,"column":95}},"2":{"start":{"line":3,"column":34},"end":{"line":3,"column":92}},"3":{"start":{"line":4,"column":30},"end":{"line":4,"column":74}},"4":{"start":{"line":5,"column":18},"end":{"line":5,"column":69}},"5":{"start":{"line":6,"column":17},"end":{"line":6,"column":67}},"6":{"start":{"line":8,"column":0},"end":{"line":69,"column":1}},"7":{"start":{"line":10,"column":83},"end":{"line":10,"column":129}},"8":{"start":{"line":12,"column":4},"end":{"line":12,"column":43}},"9":{"start":{"line":13,"column":4},"end":{"line":13,"column":47}},"10":{"start":{"line":14,"column":4},"end":{"line":14,"column":45}},"11":{"start":{"line":15,"column":4},"end":{"line":15,"column":37}},"12":{"start":{"line":18,"column":17},"end":{"line":23,"column":3}},"13":{"start":{"line":26,"column":83},"end":{"line":26,"column":95}},"14":{"start":{"line":28,"column":4},"end":{"line":28,"column":113}},"15":{"start":{"line":28,"column":64},"end":{"line":28,"column":113}},"16":{"start":{"line":29,"column":4},"end":{"line":29,"column":119}},"17":{"start":{"line":29,"column":68},"end":{"line":29,"column":119}},"18":{"start":{"line":30,"column":4},"end":{"line":30,"column":116}},"19":{"start":{"line":30,"column":66},"end":{"line":30,"column":116}},"20":{"start":{"line":31,"column":4},"end":{"line":31,"column":104}},"21":{"start":{"line":31,"column":58},"end":{"line":31,"column":104}},"22":{"start":{"line":33,"column":4},"end":{"line":33,"column":23}},"23":{"start":{"line":37,"column":62},"end":{"line":37,"column":69}},"24":{"start":{"line":39,"column":4},"end":{"line":39,"column":58}},"25":{"start":{"line":40,"column":4},"end":{"line":40,"column":60}},"26":{"start":{"line":41,"column":4},"end":{"line":41,"column":53}},"27":{"start":{"line":43,"column":27},"end":{"line":43,"column":70}},"28":{"start":{"line":45,"column":21},"end":{"line":49,"column":6}},"29":{"start":{"line":51,"column":18},"end":{"line":51,"column":59}},"30":{"start":{"line":53,"column":4},"end":{"line":53,"column":31}},"31":{"start":{"line":57,"column":45},"end":{"line":57,"column":52}},"32":{"start":{"line":59,"column":4},"end":{"line":59,"column":58}},"33":{"start":{"line":60,"column":4},"end":{"line":60,"column":60}},"34":{"start":{"line":61,"column":4},"end":{"line":61,"column":53}},"35":{"start":{"line":63,"column":27},"end":{"line":63,"column":70}},"36":{"start":{"line":65,"column":4},"end":{"line":65,"column":56}},"37":{"start":{"line":66,"column":4},"end":{"line":66,"column":65}},"38":{"start":{"line":67,"column":4},"end":{"line":67,"column":55}}},"fnMap":{"0":{"name":"(anonymous_0)","decl":{"start":{"line":9,"column":2},"end":{"line":9,"column":3}},"loc":{"start":{"line":9,"column":29},"end":{"line":16,"column":3}},"line":9},"1":{"name":"(anonymous_1)","decl":{"start":{"line":25,"column":2},"end":{"line":25,"column":3}},"loc":{"start":{"line":25,"column":44},"end":{"line":34,"column":3}},"line":25},"2":{"name":"(anonymous_2)","decl":{"start":{"line":36,"column":2},"end":{"line":36,"column":3}},"loc":{"start":{"line":36,"column":35},"end":{"line":54,"column":3}},"line":36},"3":{"name":"(anonymous_3)","decl":{"start":{"line":56,"column":2},"end":{"line":56,"column":3}},"loc":{"start":{"line":56,"column":38},"end":{"line":68,"column":3}},"line":56}},"branchMap":{"0":{"loc":{"start":{"line":28,"column":4},"end":{"line":28,"column":113}},"type":"if","locations":[{"start":{"line":28,"column":4},"end":{"line":28,"column":113}},{"start":{},"end":{}}],"line":28},"1":{"loc":{"start":{"line":29,"column":4},"end":{"line":29,"column":119}},"type":"if","locations":[{"start":{"line":29,"column":4},"end":{"line":29,"column":119}},{"start":{},"end":{}}],"line":29},"2":{"loc":{"start":{"line":30,"column":4},"end":{"line":30,"column":116}},"type":"if","locations":[{"start":{"line":30,"column":4},"end":{"line":30,"column":116}},{"start":{},"end":{}}],"line":30},"3":{"loc":{"start":{"line":31,"column":4},"end":{"line":31,"column":104}},"type":"if","locations":[{"start":{"line":31,"column":4},"end":{"line":31,"column":104}},{"start":{},"end":{}}],"line":31},"4":{"loc":{"start":{"line":37,"column":33},"end":{"line":37,"column":57}},"type":"default-arg","locations":[{"start":{"line":37,"column":48},"end":{"line":37,"column":57}}],"line":37}},"s":{"0":7,"1":7,"2":7,"3":7,"4":7,"5":7,"6":7,"7":6,"8":2,"9":2,"10":2,"11":2,"12":7,"13":6,"14":6,"15":1,"16":5,"17":1,"18":4,"19":1,"20":3,"21":1,"22":2,"23":5,"24":5,"25":5,"26":5,"27":5,"28":5,"29":2,"30":2,"31":4,"32":4,"33":4,"34":4,"35":4,"36":4,"37":3,"38":2},"f":{"0":6,"1":6,"2":5,"3":4},"b":{"0":[1,5],"1":[1,4],"2":[1,3],"3":[1,2],"4":[2]},"_coverageSchema":"1a1c01bbd47fc00a2c39e90264f33305004495a9","hash":"ea33e823e157b4a0f25f5853a683b53620ee87a3"}
,"D:\\Programming\\application\\submissions\\Backend-Developer\\Expert\\forum-api\\src\\Applications\\use_cases\\ThreadUseCase.js": {"path":"D:\\Programming\\application\\submissions\\Backend-Developer\\Expert\\forum-api\\src\\Applications\\use_cases\\ThreadUseCase.js","statementMap":{"0":{"start":{"line":1,"column":18},"end":{"line":1,"column":69}},"1":{"start":{"line":2,"column":19},"end":{"line":2,"column":71}},"2":{"start":{"line":3,"column":34},"end":{"line":3,"column":92}},"3":{"start":{"line":4,"column":35},"end":{"line":4,"column":95}},"4":{"start":{"line":5,"column":33},"end":{"line":5,"column":90}},"5":{"start":{"line":6,"column":30},"end":{"line":6,"column":74}},"6":{"start":{"line":8,"column":0},"end":{"line":69,"column":1}},"7":{"start":{"line":10,"column":83},"end":{"line":10,"column":130}},"8":{"start":{"line":12,"column":4},"end":{"line":12,"column":45}},"9":{"start":{"line":13,"column":4},"end":{"line":13,"column":47}},"10":{"start":{"line":14,"column":4},"end":{"line":14,"column":43}},"11":{"start":{"line":15,"column":4},"end":{"line":15,"column":37}},"12":{"start":{"line":18,"column":17},"end":{"line":23,"column":3}},"13":{"start":{"line":26,"column":83},"end":{"line":26,"column":95}},"14":{"start":{"line":28,"column":4},"end":{"line":28,"column":117}},"15":{"start":{"line":28,"column":66},"end":{"line":28,"column":117}},"16":{"start":{"line":29,"column":4},"end":{"line":29,"column":120}},"17":{"start":{"line":29,"column":68},"end":{"line":29,"column":120}},"18":{"start":{"line":30,"column":4},"end":{"line":30,"column":114}},"19":{"start":{"line":30,"column":64},"end":{"line":30,"column":114}},"20":{"start":{"line":31,"column":4},"end":{"line":31,"column":105}},"21":{"start":{"line":31,"column":58},"end":{"line":31,"column":105}},"22":{"start":{"line":33,"column":4},"end":{"line":33,"column":23}},"23":{"start":{"line":37,"column":64},"end":{"line":37,"column":71}},"24":{"start":{"line":39,"column":4},"end":{"line":39,"column":53}},"25":{"start":{"line":41,"column":27},"end":{"line":41,"column":70}},"26":{"start":{"line":42,"column":22},"end":{"line":46,"column":6}},"27":{"start":{"line":48,"column":19},"end":{"line":48,"column":62}},"28":{"start":{"line":50,"column":4},"end":{"line":50,"column":33}},"29":{"start":{"line":54,"column":25},"end":{"line":54,"column":32}},"30":{"start":{"line":56,"column":4},"end":{"line":56,"column":58}},"31":{"start":{"line":57,"column":27},"end":{"line":57,"column":81}},"32":{"start":{"line":58,"column":21},"end":{"line":58,"column":77}},"33":{"start":{"line":60,"column":4},"end":{"line":62,"column":5}},"34":{"start":{"line":61,"column":6},"end":{"line":61,"column":81}},"35":{"start":{"line":64,"column":4},"end":{"line":67,"column":6}}},"fnMap":{"0":{"name":"(anonymous_0)","decl":{"start":{"line":9,"column":2},"end":{"line":9,"column":3}},"loc":{"start":{"line":9,"column":29},"end":{"line":16,"column":3}},"line":9},"1":{"name":"(anonymous_1)","decl":{"start":{"line":25,"column":2},"end":{"line":25,"column":3}},"loc":{"start":{"line":25,"column":44},"end":{"line":34,"column":3}},"line":25},"2":{"name":"(anonymous_2)","decl":{"start":{"line":36,"column":2},"end":{"line":36,"column":3}},"loc":{"start":{"line":36,"column":35},"end":{"line":51,"column":3}},"line":36},"3":{"name":"(anonymous_3)","decl":{"start":{"line":53,"column":2},"end":{"line":53,"column":3}},"loc":{"start":{"line":53,"column":34},"end":{"line":68,"column":3}},"line":53}},"branchMap":{"0":{"loc":{"start":{"line":28,"column":4},"end":{"line":28,"column":117}},"type":"if","locations":[{"start":{"line":28,"column":4},"end":{"line":28,"column":117}},{"start":{},"end":{}}],"line":28},"1":{"loc":{"start":{"line":29,"column":4},"end":{"line":29,"column":120}},"type":"if","locations":[{"start":{"line":29,"column":4},"end":{"line":29,"column":120}},{"start":{},"end":{}}],"line":29},"2":{"loc":{"start":{"line":30,"column":4},"end":{"line":30,"column":114}},"type":"if","locations":[{"start":{"line":30,"column":4},"end":{"line":30,"column":114}},{"start":{},"end":{}}],"line":30},"3":{"loc":{"start":{"line":31,"column":4},"end":{"line":31,"column":105}},"type":"if","locations":[{"start":{"line":31,"column":4},"end":{"line":31,"column":105}},{"start":{},"end":{}}],"line":31},"4":{"loc":{"start":{"line":37,"column":12},"end":{"line":37,"column":35}},"type":"default-arg","locations":[{"start":{"line":37,"column":26},"end":{"line":37,"column":35}}],"line":37},"5":{"loc":{"start":{"line":37,"column":37},"end":{"line":37,"column":59}},"type":"default-arg","locations":[{"start":{"line":37,"column":50},"end":{"line":37,"column":59}}],"line":37}},"s":{"0":7,"1":7,"2":7,"3":7,"4":7,"5":7,"6":7,"7":6,"8":2,"9":2,"10":2,"11":2,"12":7,"13":6,"14":6,"15":1,"16":5,"17":1,"18":4,"19":1,"20":3,"21":1,"22":2,"23":6,"24":6,"25":6,"26":6,"27":2,"28":2,"29":4,"30":4,"31":3,"32":3,"33":3,"34":3,"35":3},"f":{"0":6,"1":6,"2":6,"3":4},"b":{"0":[1,5],"1":[1,4],"2":[1,3],"3":[1,2],"4":[2],"5":[2]},"_coverageSchema":"1a1c01bbd47fc00a2c39e90264f33305004495a9","hash":"a68b9cb34563171f31726084149d877eae320872"}
,"D:\\Programming\\application\\submissions\\Backend-Developer\\Expert\\forum-api\\src\\Applications\\use_cases\\UserUseCase.js": {"path":"D:\\Programming\\application\\submissions\\Backend-Developer\\Expert\\forum-api\\src\\Applications\\use_cases\\UserUseCase.js","statementMap":{"0":{"start":{"line":1,"column":32},"end":{"line":1,"column":86}},"1":{"start":{"line":2,"column":30},"end":{"line":2,"column":74}},"2":{"start":{"line":3,"column":25},"end":{"line":3,"column":81}},"3":{"start":{"line":4,"column":20},"end":{"line":4,"column":71}},"4":{"start":{"line":6,"column":0},"end":{"line":42,"column":1}},"5":{"start":{"line":8,"column":45},"end":{"line":8,"column":90}},"6":{"start":{"line":10,"column":4},"end":{"line":10,"column":41}},"7":{"start":{"line":11,"column":4},"end":{"line":11,"column":37}},"8":{"start":{"line":14,"column":17},"end":{"line":17,"column":3}},"9":{"start":{"line":20,"column":45},"end":{"line":20,"column":57}},"10":{"start":{"line":22,"column":4},"end":{"line":22,"column":109}},"11":{"start":{"line":22,"column":62},"end":{"line":22,"column":109}},"12":{"start":{"line":23,"column":4},"end":{"line":23,"column":103}},"13":{"start":{"line":23,"column":58},"end":{"line":23,"column":103}},"14":{"start":{"line":25,"column":4},"end":{"line":25,"column":23}},"15":{"start":{"line":29,"column":45},"end":{"line":29,"column":74}},"16":{"start":{"line":31,"column":4},"end":{"line":31,"column":67}},"17":{"start":{"line":33,"column":27},"end":{"line":33,"column":66}},"18":{"start":{"line":34,"column":17},"end":{"line":38,"column":6}},"19":{"start":{"line":40,"column":4},"end":{"line":40,"column":32}}},"fnMap":{"0":{"name":"(anonymous_0)","decl":{"start":{"line":7,"column":2},"end":{"line":7,"column":3}},"loc":{"start":{"line":7,"column":29},"end":{"line":12,"column":3}},"line":7},"1":{"name":"(anonymous_1)","decl":{"start":{"line":19,"column":2},"end":{"line":19,"column":3}},"loc":{"start":{"line":19,"column":44},"end":{"line":26,"column":3}},"line":19},"2":{"name":"(anonymous_2)","decl":{"start":{"line":28,"column":2},"end":{"line":28,"column":3}},"loc":{"start":{"line":28,"column":27},"end":{"line":41,"column":3}},"line":28}},"branchMap":{"0":{"loc":{"start":{"line":22,"column":4},"end":{"line":22,"column":109}},"type":"if","locations":[{"start":{"line":22,"column":4},"end":{"line":22,"column":109}},{"start":{},"end":{}}],"line":22},"1":{"loc":{"start":{"line":23,"column":4},"end":{"line":23,"column":103}},"type":"if","locations":[{"start":{"line":23,"column":4},"end":{"line":23,"column":103}},{"start":{},"end":{}}],"line":23}},"s":{"0":7,"1":7,"2":7,"3":7,"4":7,"5":4,"6":2,"7":2,"8":7,"9":4,"10":4,"11":1,"12":3,"13":1,"14":2,"15":10,"16":3,"17":2,"18":2,"19":2},"f":{"0":4,"1":4,"2":10},"b":{"0":[1,3],"1":[1,2]},"_coverageSchema":"1a1c01bbd47fc00a2c39e90264f33305004495a9","hash":"b5039696f79e5f7401c753b24bc0748c3e02f16c"}
,"D:\\Programming\\application\\submissions\\Backend-Developer\\Expert\\forum-api\\src\\Commons\\exceptions\\AuthenticationError.js": {"path":"D:\\Programming\\application\\submissions\\Backend-Developer\\Expert\\forum-api\\src\\Commons\\exceptions\\AuthenticationError.js","statementMap":{"0":{"start":{"line":1,"column":28},"end":{"line":1,"column":60}},"1":{"start":{"line":3,"column":0},"end":{"line":7,"column":1}},"2":{"start":{"line":5,"column":4},"end":{"line":5,"column":23}}},"fnMap":{"0":{"name":"(anonymous_0)","decl":{"start":{"line":4,"column":2},"end":{"line":4,"column":3}},"loc":{"start":{"line":4,"column":24},"end":{"line":6,"column":3}},"line":4}},"branchMap":{},"s":{"0":9,"1":9,"2":15},"f":{"0":15},"b":{},"_coverageSchema":"1a1c01bbd47fc00a2c39e90264f33305004495a9","hash":"015d20b4ffde0a113026843b5d2db204bc2df688"}
,"D:\\Programming\\application\\submissions\\Backend-Developer\\Expert\\forum-api\\src\\Commons\\exceptions\\AuthorizationError.js": {"path":"D:\\Programming\\application\\submissions\\Backend-Developer\\Expert\\forum-api\\src\\Commons\\exceptions\\AuthorizationError.js","statementMap":{"0":{"start":{"line":1,"column":28},"end":{"line":1,"column":60}},"1":{"start":{"line":3,"column":0},"end":{"line":7,"column":1}},"2":{"start":{"line":5,"column":4},"end":{"line":5,"column":23}}},"fnMap":{"0":{"name":"(anonymous_0)","decl":{"start":{"line":4,"column":2},"end":{"line":4,"column":3}},"loc":{"start":{"line":4,"column":24},"end":{"line":6,"column":3}},"line":4}},"branchMap":{},"s":{"0":9,"1":9,"2":15},"f":{"0":15},"b":{},"_coverageSchema":"1a1c01bbd47fc00a2c39e90264f33305004495a9","hash":"35ab4e4d47a0fc03d865fc28bbc9dedc9857ba98"}
,"D:\\Programming\\application\\submissions\\Backend-Developer\\Expert\\forum-api\\src\\Commons\\exceptions\\ClientErrorAbstract.js": {"path":"D:\\Programming\\application\\submissions\\Backend-Developer\\Expert\\forum-api\\src\\Commons\\exceptions\\ClientErrorAbstract.js","statementMap":{"0":{"start":{"line":1,"column":0},"end":{"line":16,"column":1}},"1":{"start":{"line":2,"column":17},"end":{"line":4,"column":3}},"2":{"start":{"line":7,"column":4},"end":{"line":7,"column":18}},"3":{"start":{"line":9,"column":4},"end":{"line":11,"column":5}},"4":{"start":{"line":10,"column":6},"end":{"line":10,"column":59}},"5":{"start":{"line":13,"column":4},"end":{"line":13,"column":37}},"6":{"start":{"line":14,"column":4},"end":{"line":14,"column":20}}},"fnMap":{"0":{"name":"(anonymous_0)","decl":{"start":{"line":6,"column":2},"end":{"line":6,"column":3}},"loc":{"start":{"line":6,"column":30},"end":{"line":15,"column":3}},"line":6}},"branchMap":{"0":{"loc":{"start":{"line":9,"column":4},"end":{"line":11,"column":5}},"type":"if","locations":[{"start":{"line":9,"column":4},"end":{"line":11,"column":5}},{"start":{},"end":{}}],"line":9}},"s":{"0":19,"1":19,"2":159,"3":159,"4":1,"5":158,"6":158},"f":{"0":159},"b":{"0":[1,158]},"_coverageSchema":"1a1c01bbd47fc00a2c39e90264f33305004495a9","hash":"502344804fefb2046ecd2f397a59e622e9176244"}
,"D:\\Programming\\application\\submissions\\Backend-Developer\\Expert\\forum-api\\src\\Commons\\exceptions\\DomainErrorTranslator.js": {"path":"D:\\Programming\\application\\submissions\\Backend-Developer\\Expert\\forum-api\\src\\Commons\\exceptions\\DomainErrorTranslator.js","statementMap":{"0":{"start":{"line":1,"column":23},"end":{"line":1,"column":62}},"1":{"start":{"line":2,"column":25},"end":{"line":2,"column":81}},"2":{"start":{"line":3,"column":18},"end":{"line":3,"column":67}},"3":{"start":{"line":4,"column":21},"end":{"line":4,"column":83}},"4":{"start":{"line":5,"column":18},"end":{"line":5,"column":69}},"5":{"start":{"line":6,"column":19},"end":{"line":6,"column":72}},"6":{"start":{"line":7,"column":17},"end":{"line":7,"column":67}},"7":{"start":{"line":9,"column":13},"end":{"line":24,"column":1}},"8":{"start":{"line":26,"column":0},"end":{"line":34,"column":1}},"9":{"start":{"line":29,"column":4},"end":{"line":31,"column":5}},"10":{"start":{"line":30,"column":6},"end":{"line":30,"column":52}},"11":{"start":{"line":32,"column":4},"end":{"line":32,"column":16}}},"fnMap":{"0":{"name":"(anonymous_0)","decl":{"start":{"line":28,"column":2},"end":{"line":28,"column":3}},"loc":{"start":{"line":28,"column":20},"end":{"line":33,"column":3}},"line":28}},"branchMap":{"0":{"loc":{"start":{"line":29,"column":4},"end":{"line":31,"column":5}},"type":"if","locations":[{"start":{"line":29,"column":4},"end":{"line":31,"column":5}},{"start":{},"end":{}}],"line":29}},"s":{"0":7,"1":7,"2":7,"3":7,"4":7,"5":7,"6":7,"7":7,"8":7,"9":74,"10":55,"11":19},"f":{"0":74},"b":{"0":[55,19]},"_coverageSchema":"1a1c01bbd47fc00a2c39e90264f33305004495a9","hash":"d89776cd61cf1ae3a79a6ff3a8659da075645fef"}
,"D:\\Programming\\application\\submissions\\Backend-Developer\\Expert\\forum-api\\src\\Commons\\exceptions\\InvariantError.js": {"path":"D:\\Programming\\application\\submissions\\Backend-Developer\\Expert\\forum-api\\src\\Commons\\exceptions\\InvariantError.js","statementMap":{"0":{"start":{"line":1,"column":28},"end":{"line":1,"column":60}},"1":{"start":{"line":3,"column":0},"end":{"line":7,"column":1}},"2":{"start":{"line":5,"column":4},"end":{"line":5,"column":23}}},"fnMap":{"0":{"name":"(anonymous_0)","decl":{"start":{"line":4,"column":2},"end":{"line":4,"column":3}},"loc":{"start":{"line":4,"column":24},"end":{"line":6,"column":3}},"line":4}},"branchMap":{},"s":{"0":11,"1":11,"2":105},"f":{"0":105},"b":{},"_coverageSchema":"1a1c01bbd47fc00a2c39e90264f33305004495a9","hash":"a760e0d46e41ea835fdcf9ebd12c7df121661647"}
,"D:\\Programming\\application\\submissions\\Backend-Developer\\Expert\\forum-api\\src\\Commons\\exceptions\\NotFoundError.js": {"path":"D:\\Programming\\application\\submissions\\Backend-Developer\\Expert\\forum-api\\src\\Commons\\exceptions\\NotFoundError.js","statementMap":{"0":{"start":{"line":1,"column":28},"end":{"line":1,"column":60}},"1":{"start":{"line":3,"column":0},"end":{"line":7,"column":1}},"2":{"start":{"line":5,"column":4},"end":{"line":5,"column":23}}},"fnMap":{"0":{"name":"(anonymous_0)","decl":{"start":{"line":4,"column":2},"end":{"line":4,"column":3}},"loc":{"start":{"line":4,"column":24},"end":{"line":6,"column":3}},"line":4}},"branchMap":{},"s":{"0":10,"1":10,"2":22},"f":{"0":22},"b":{},"_coverageSchema":"1a1c01bbd47fc00a2c39e90264f33305004495a9","hash":"1db7a77c7abdefa82b3ae98b31bfdc0a4923116f"}
,"D:\\Programming\\application\\submissions\\Backend-Developer\\Expert\\forum-api\\src\\Domains\\authentications\\TokenRepositoryInterface.js": {"path":"D:\\Programming\\application\\submissions\\Backend-Developer\\Expert\\forum-api\\src\\Domains\\authentications\\TokenRepositoryInterface.js","statementMap":{"0":{"start":{"line":1,"column":0},"end":{"line":24,"column":1}},"1":{"start":{"line":2,"column":17},"end":{"line":5,"column":3}},"2":{"start":{"line":8,"column":4},"end":{"line":10,"column":5}},"3":{"start":{"line":9,"column":6},"end":{"line":9,"column":64}},"4":{"start":{"line":14,"column":4},"end":{"line":14,"column":61}},"5":{"start":{"line":18,"column":4},"end":{"line":18,"column":61}},"6":{"start":{"line":22,"column":4},"end":{"line":22,"column":61}}},"fnMap":{"0":{"name":"(anonymous_0)","decl":{"start":{"line":7,"column":2},"end":{"line":7,"column":3}},"loc":{"start":{"line":7,"column":17},"end":{"line":11,"column":3}},"line":7},"1":{"name":"(anonymous_1)","decl":{"start":{"line":13,"column":2},"end":{"line":13,"column":3}},"loc":{"start":{"line":13,"column":20},"end":{"line":15,"column":3}},"line":13},"2":{"name":"(anonymous_2)","decl":{"start":{"line":17,"column":2},"end":{"line":17,"column":3}},"loc":{"start":{"line":17,"column":23},"end":{"line":19,"column":3}},"line":17},"3":{"name":"(anonymous_3)","decl":{"start":{"line":21,"column":2},"end":{"line":21,"column":3}},"loc":{"start":{"line":21,"column":35},"end":{"line":23,"column":3}},"line":21}},"branchMap":{"0":{"loc":{"start":{"line":8,"column":4},"end":{"line":10,"column":5}},"type":"if","locations":[{"start":{"line":8,"column":4},"end":{"line":10,"column":5}},{"start":{},"end":{}}],"line":8}},"s":{"0":9,"1":9,"2":5,"3":1,"4":1,"5":1,"6":1},"f":{"0":5,"1":1,"2":1,"3":1},"b":{"0":[1,4]},"_coverageSchema":"1a1c01bbd47fc00a2c39e90264f33305004495a9","hash":"11fecab056906b8729e4e86ba7f3aebdf3d2495e"}
,"D:\\Programming\\application\\submissions\\Backend-Developer\\Expert\\forum-api\\src\\Domains\\authentications\\entities\\NewAuthentication.js": {"path":"D:\\Programming\\application\\submissions\\Backend-Developer\\Expert\\forum-api\\src\\Domains\\authentications\\entities\\NewAuthentication.js","statementMap":{"0":{"start":{"line":1,"column":0},"end":{"line":26,"column":1}},"1":{"start":{"line":3,"column":42},"end":{"line":3,"column":83}},"2":{"start":{"line":5,"column":4},"end":{"line":5,"column":34}},"3":{"start":{"line":6,"column":4},"end":{"line":6,"column":36}},"4":{"start":{"line":9,"column":17},"end":{"line":12,"column":3}},"5":{"start":{"line":15,"column":4},"end":{"line":17,"column":5}},"6":{"start":{"line":16,"column":6},"end":{"line":16,"column":54}},"7":{"start":{"line":19,"column":42},"end":{"line":19,"column":49}},"8":{"start":{"line":21,"column":4},"end":{"line":21,"column":83}},"9":{"start":{"line":21,"column":41},"end":{"line":21,"column":83}},"10":{"start":{"line":22,"column":4},"end":{"line":22,"column":84}},"11":{"start":{"line":22,"column":42},"end":{"line":22,"column":84}},"12":{"start":{"line":24,"column":4},"end":{"line":24,"column":18}}},"fnMap":{"0":{"name":"(anonymous_0)","decl":{"start":{"line":2,"column":2},"end":{"line":2,"column":3}},"loc":{"start":{"line":2,"column":24},"end":{"line":7,"column":3}},"line":2},"1":{"name":"(anonymous_1)","decl":{"start":{"line":14,"column":2},"end":{"line":14,"column":3}},"loc":{"start":{"line":14,"column":34},"end":{"line":25,"column":3}},"line":14}},"branchMap":{"0":{"loc":{"start":{"line":15,"column":4},"end":{"line":17,"column":5}},"type":"if","locations":[{"start":{"line":15,"column":4},"end":{"line":17,"column":5}},{"start":{},"end":{}}],"line":15},"1":{"loc":{"start":{"line":15,"column":8},"end":{"line":15,"column":91}},"type":"binary-expr","locations":[{"start":{"line":15,"column":8},"end":{"line":15,"column":24}},{"start":{"line":15,"column":28},"end":{"line":15,"column":91}}],"line":15},"2":{"loc":{"start":{"line":21,"column":4},"end":{"line":21,"column":83}},"type":"if","locations":[{"start":{"line":21,"column":4},"end":{"line":21,"column":83}},{"start":{},"end":{}}],"line":21},"3":{"loc":{"start":{"line":22,"column":4},"end":{"line":22,"column":84}},"type":"if","locations":[{"start":{"line":22,"column":4},"end":{"line":22,"column":84}},{"start":{},"end":{}}],"line":22}},"s":{"0":8,"1":8,"2":4,"3":4,"4":8,"5":8,"6":2,"7":6,"8":6,"9":1,"10":5,"11":1,"12":4},"f":{"0":8,"1":8},"b":{"0":[2,6],"1":[8,7],"2":[1,5],"3":[1,4]},"_coverageSchema":"1a1c01bbd47fc00a2c39e90264f33305004495a9","hash":"aa07d7b4042606a20f30efa6795877569897723a"}
,"D:\\Programming\\application\\submissions\\Backend-Developer\\Expert\\forum-api\\src\\Domains\\authentications\\entities\\RefreshToken.js": {"path":"D:\\Programming\\application\\submissions\\Backend-Developer\\Expert\\forum-api\\src\\Domains\\authentications\\entities\\RefreshToken.js","statementMap":{"0":{"start":{"line":1,"column":0},"end":{"line":25,"column":1}},"1":{"start":{"line":3,"column":22},"end":{"line":3,"column":58}},"2":{"start":{"line":5,"column":4},"end":{"line":5,"column":22}},"3":{"start":{"line":8,"column":17},"end":{"line":11,"column":3}},"4":{"start":{"line":15,"column":4},"end":{"line":17,"column":5}},"5":{"start":{"line":16,"column":6},"end":{"line":16,"column":49}},"6":{"start":{"line":19,"column":22},"end":{"line":19,"column":29}},"7":{"start":{"line":21,"column":4},"end":{"line":21,"column":72}},"8":{"start":{"line":21,"column":35},"end":{"line":21,"column":72}},"9":{"start":{"line":23,"column":4},"end":{"line":23,"column":18}}},"fnMap":{"0":{"name":"(anonymous_0)","decl":{"start":{"line":2,"column":2},"end":{"line":2,"column":3}},"loc":{"start":{"line":2,"column":24},"end":{"line":6,"column":3}},"line":2},"1":{"name":"(anonymous_1)","decl":{"start":{"line":13,"column":2},"end":{"line":13,"column":3}},"loc":{"start":{"line":13,"column":34},"end":{"line":24,"column":3}},"line":13}},"branchMap":{"0":{"loc":{"start":{"line":15,"column":4},"end":{"line":17,"column":5}},"type":"if","locations":[{"start":{"line":15,"column":4},"end":{"line":17,"column":5}},{"start":{},"end":{}}],"line":15},"1":{"loc":{"start":{"line":15,"column":8},"end":{"line":15,"column":63}},"type":"binary-expr","locations":[{"start":{"line":15,"column":8},"end":{"line":15,"column":24}},{"start":{"line":15,"column":28},"end":{"line":15,"column":63}}],"line":15},"2":{"loc":{"start":{"line":21,"column":4},"end":{"line":21,"column":72}},"type":"if","locations":[{"start":{"line":21,"column":4},"end":{"line":21,"column":72}},{"start":{},"end":{}}],"line":21}},"s":{"0":10,"1":22,"2":13,"3":10,"4":22,"5":5,"6":17,"7":17,"8":4,"9":13},"f":{"0":22,"1":22},"b":{"0":[5,17],"1":[22,21],"2":[4,13]},"_coverageSchema":"1a1c01bbd47fc00a2c39e90264f33305004495a9","hash":"3a28db07e5e5696b2297e87c3fe1d27f8797af68"}
,"D:\\Programming\\application\\submissions\\Backend-Developer\\Expert\\forum-api\\src\\Domains\\comments\\CommentRepositoryInterface.js": {"path":"D:\\Programming\\application\\submissions\\Backend-Developer\\Expert\\forum-api\\src\\Domains\\comments\\CommentRepositoryInterface.js","statementMap":{"0":{"start":{"line":1,"column":0},"end":{"line":32,"column":1}},"1":{"start":{"line":3,"column":4},"end":{"line":5,"column":5}},"2":{"start":{"line":4,"column":6},"end":{"line":4,"column":66}},"3":{"start":{"line":8,"column":17},"end":{"line":11,"column":3}},"4":{"start":{"line":14,"column":4},"end":{"line":14,"column":63}},"5":{"start":{"line":18,"column":4},"end":{"line":18,"column":63}},"6":{"start":{"line":22,"column":4},"end":{"line":22,"column":63}},"7":{"start":{"line":26,"column":4},"end":{"line":26,"column":63}},"8":{"start":{"line":30,"column":4},"end":{"line":30,"column":63}}},"fnMap":{"0":{"name":"(anonymous_0)","decl":{"start":{"line":2,"column":2},"end":{"line":2,"column":3}},"loc":{"start":{"line":2,"column":17},"end":{"line":6,"column":3}},"line":2},"1":{"name":"(anonymous_1)","decl":{"start":{"line":13,"column":2},"end":{"line":13,"column":3}},"loc":{"start":{"line":13,"column":22},"end":{"line":15,"column":3}},"line":13},"2":{"name":"(anonymous_2)","decl":{"start":{"line":17,"column":2},"end":{"line":17,"column":3}},"loc":{"start":{"line":17,"column":28},"end":{"line":19,"column":3}},"line":17},"3":{"name":"(anonymous_3)","decl":{"start":{"line":21,"column":2},"end":{"line":21,"column":3}},"loc":{"start":{"line":21,"column":29},"end":{"line":23,"column":3}},"line":21},"4":{"name":"(anonymous_4)","decl":{"start":{"line":25,"column":2},"end":{"line":25,"column":3}},"loc":{"start":{"line":25,"column":45},"end":{"line":27,"column":3}},"line":25},"5":{"name":"(anonymous_5)","decl":{"start":{"line":29,"column":2},"end":{"line":29,"column":3}},"loc":{"start":{"line":29,"column":36},"end":{"line":31,"column":3}},"line":29}},"branchMap":{"0":{"loc":{"start":{"line":3,"column":4},"end":{"line":5,"column":5}},"type":"if","locations":[{"start":{"line":3,"column":4},"end":{"line":5,"column":5}},{"start":{},"end":{}}],"line":3}},"s":{"0":11,"1":9,"2":1,"3":11,"4":1,"5":1,"6":1,"7":1,"8":1},"f":{"0":9,"1":1,"2":1,"3":1,"4":1,"5":1},"b":{"0":[1,8]},"_coverageSchema":"1a1c01bbd47fc00a2c39e90264f33305004495a9","hash":"0c6e758242cc4fa3e7ef151e1d00ab8ca0439d37"}
,"D:\\Programming\\application\\submissions\\Backend-Developer\\Expert\\forum-api\\src\\Domains\\comments\\entities\\ArrayItemComment.js": {"path":"D:\\Programming\\application\\submissions\\Backend-Developer\\Expert\\forum-api\\src\\Domains\\comments\\entities\\ArrayItemComment.js","statementMap":{"0":{"start":{"line":1,"column":0},"end":{"line":33,"column":1}},"1":{"start":{"line":3,"column":63},"end":{"line":3,"column":103}},"2":{"start":{"line":5,"column":4},"end":{"line":5,"column":16}},"3":{"start":{"line":6,"column":4},"end":{"line":6,"column":28}},"4":{"start":{"line":7,"column":4},"end":{"line":7,"column":34}},"5":{"start":{"line":8,"column":4},"end":{"line":8,"column":68}},"6":{"start":{"line":9,"column":4},"end":{"line":9,"column":26}},"7":{"start":{"line":12,"column":17},"end":{"line":15,"column":3}},"8":{"start":{"line":18,"column":4},"end":{"line":20,"column":5}},"9":{"start":{"line":19,"column":6},"end":{"line":19,"column":53}},"10":{"start":{"line":22,"column":63},"end":{"line":22,"column":70}},"11":{"start":{"line":24,"column":4},"end":{"line":24,"column":73}},"12":{"start":{"line":24,"column":32},"end":{"line":24,"column":73}},"13":{"start":{"line":25,"column":4},"end":{"line":25,"column":79}},"14":{"start":{"line":25,"column":38},"end":{"line":25,"column":79}},"15":{"start":{"line":26,"column":4},"end":{"line":26,"column":74}},"16":{"start":{"line":26,"column":33},"end":{"line":26,"column":74}},"17":{"start":{"line":27,"column":4},"end":{"line":27,"column":78}},"18":{"start":{"line":27,"column":37},"end":{"line":27,"column":78}},"19":{"start":{"line":28,"column":4},"end":{"line":28,"column":80}},"20":{"start":{"line":28,"column":39},"end":{"line":28,"column":80}},"21":{"start":{"line":29,"column":4},"end":{"line":29,"column":74}},"22":{"start":{"line":29,"column":33},"end":{"line":29,"column":74}},"23":{"start":{"line":31,"column":4},"end":{"line":31,"column":18}}},"fnMap":{"0":{"name":"(anonymous_0)","decl":{"start":{"line":2,"column":2},"end":{"line":2,"column":3}},"loc":{"start":{"line":2,"column":24},"end":{"line":10,"column":3}},"line":2},"1":{"name":"(anonymous_1)","decl":{"start":{"line":17,"column":2},"end":{"line":17,"column":3}},"loc":{"start":{"line":17,"column":34},"end":{"line":32,"column":3}},"line":17}},"branchMap":{"0":{"loc":{"start":{"line":8,"column":19},"end":{"line":8,"column":68}},"type":"cond-expr","locations":[{"start":{"line":8,"column":30},"end":{"line":8,"column":58}},{"start":{"line":8,"column":61},"end":{"line":8,"column":68}}],"line":8},"1":{"loc":{"start":{"line":18,"column":4},"end":{"line":20,"column":5}},"type":"if","locations":[{"start":{"line":18,"column":4},"end":{"line":20,"column":5}},{"start":{},"end":{}}],"line":18},"2":{"loc":{"start":{"line":18,"column":8},"end":{"line":18,"column":144}},"type":"binary-expr","locations":[{"start":{"line":18,"column":8},"end":{"line":18,"column":24}},{"start":{"line":18,"column":28},"end":{"line":18,"column":144}}],"line":18},"3":{"loc":{"start":{"line":24,"column":4},"end":{"line":24,"column":73}},"type":"if","locations":[{"start":{"line":24,"column":4},"end":{"line":24,"column":73}},{"start":{},"end":{}}],"line":24},"4":{"loc":{"start":{"line":25,"column":4},"end":{"line":25,"column":79}},"type":"if","locations":[{"start":{"line":25,"column":4},"end":{"line":25,"column":79}},{"start":{},"end":{}}],"line":25},"5":{"loc":{"start":{"line":26,"column":4},"end":{"line":26,"column":74}},"type":"if","locations":[{"start":{"line":26,"column":4},"end":{"line":26,"column":74}},{"start":{},"end":{}}],"line":26},"6":{"loc":{"start":{"line":27,"column":4},"end":{"line":27,"column":78}},"type":"if","locations":[{"start":{"line":27,"column":4},"end":{"line":27,"column":78}},{"start":{},"end":{}}],"line":27},"7":{"loc":{"start":{"line":28,"column":4},"end":{"line":28,"column":80}},"type":"if","locations":[{"start":{"line":28,"column":4},"end":{"line":28,"column":80}},{"start":{},"end":{}}],"line":28},"8":{"loc":{"start":{"line":29,"column":4},"end":{"line":29,"column":74}},"type":"if","locations":[{"start":{"line":29,"column":4},"end":{"line":29,"column":74}},{"start":{},"end":{}}],"line":29}},"s":{"0":9,"1":17,"2":9,"3":9,"4":9,"5":9,"6":9,"7":9,"8":17,"9":2,"10":15,"11":15,"12":1,"13":14,"14":1,"15":13,"16":1,"17":12,"18":1,"19":11,"20":1,"21":10,"22":1,"23":9},"f":{"0":17,"1":17},"b":{"0":[3,6],"1":[2,15],"2":[17,16],"3":[1,14],"4":[1,13],"5":[1,12],"6":[1,11],"7":[1,10],"8":[1,9]},"_coverageSchema":"1a1c01bbd47fc00a2c39e90264f33305004495a9","hash":"453c010a64cc77e8f446125b7d579dc24004ca9a"}
,"D:\\Programming\\application\\submissions\\Backend-Developer\\Expert\\forum-api\\src\\Domains\\comments\\entities\\Comment.js": {"path":"D:\\Programming\\application\\submissions\\Backend-Developer\\Expert\\forum-api\\src\\Domains\\comments\\entities\\Comment.js","statementMap":{"0":{"start":{"line":1,"column":0},"end":{"line":34,"column":1}},"1":{"start":{"line":3,"column":59},"end":{"line":3,"column":90}},"2":{"start":{"line":5,"column":4},"end":{"line":5,"column":16}},"3":{"start":{"line":6,"column":4},"end":{"line":6,"column":26}},"4":{"start":{"line":7,"column":4},"end":{"line":7,"column":28}},"5":{"start":{"line":8,"column":4},"end":{"line":8,"column":22}},"6":{"start":{"line":9,"column":4},"end":{"line":9,"column":24}},"7":{"start":{"line":10,"column":4},"end":{"line":10,"column":20}},"8":{"start":{"line":13,"column":17},"end":{"line":16,"column":3}},"9":{"start":{"line":19,"column":4},"end":{"line":21,"column":5}},"10":{"start":{"line":20,"column":6},"end":{"line":20,"column":44}},"11":{"start":{"line":23,"column":59},"end":{"line":23,"column":66}},"12":{"start":{"line":25,"column":4},"end":{"line":25,"column":64}},"13":{"start":{"line":25,"column":32},"end":{"line":25,"column":64}},"14":{"start":{"line":26,"column":4},"end":{"line":26,"column":69}},"15":{"start":{"line":26,"column":37},"end":{"line":26,"column":69}},"16":{"start":{"line":27,"column":4},"end":{"line":27,"column":71}},"17":{"start":{"line":27,"column":39},"end":{"line":27,"column":71}},"18":{"start":{"line":28,"column":4},"end":{"line":28,"column":67}},"19":{"start":{"line":28,"column":35},"end":{"line":28,"column":67}},"20":{"start":{"line":29,"column":4},"end":{"line":29,"column":68}},"21":{"start":{"line":29,"column":36},"end":{"line":29,"column":68}},"22":{"start":{"line":30,"column":4},"end":{"line":30,"column":65}},"23":{"start":{"line":30,"column":33},"end":{"line":30,"column":65}},"24":{"start":{"line":32,"column":4},"end":{"line":32,"column":18}}},"fnMap":{"0":{"name":"(anonymous_0)","decl":{"start":{"line":2,"column":2},"end":{"line":2,"column":3}},"loc":{"start":{"line":2,"column":24},"end":{"line":11,"column":3}},"line":2},"1":{"name":"(anonymous_1)","decl":{"start":{"line":18,"column":2},"end":{"line":18,"column":3}},"loc":{"start":{"line":18,"column":34},"end":{"line":33,"column":3}},"line":18}},"branchMap":{"0":{"loc":{"start":{"line":19,"column":4},"end":{"line":21,"column":5}},"type":"if","locations":[{"start":{"line":19,"column":4},"end":{"line":21,"column":5}},{"start":{},"end":{}}],"line":19},"1":{"loc":{"start":{"line":19,"column":8},"end":{"line":19,"column":140}},"type":"binary-expr","locations":[{"start":{"line":19,"column":8},"end":{"line":19,"column":24}},{"start":{"line":19,"column":28},"end":{"line":19,"column":140}}],"line":19},"2":{"loc":{"start":{"line":25,"column":4},"end":{"line":25,"column":64}},"type":"if","locations":[{"start":{"line":25,"column":4},"end":{"line":25,"column":64}},{"start":{},"end":{}}],"line":25},"3":{"loc":{"start":{"line":26,"column":4},"end":{"line":26,"column":69}},"type":"if","locations":[{"start":{"line":26,"column":4},"end":{"line":26,"column":69}},{"start":{},"end":{}}],"line":26},"4":{"loc":{"start":{"line":27,"column":4},"end":{"line":27,"column":71}},"type":"if","locations":[{"start":{"line":27,"column":4},"end":{"line":27,"column":71}},{"start":{},"end":{}}],"line":27},"5":{"loc":{"start":{"line":28,"column":4},"end":{"line":28,"column":67}},"type":"if","locations":[{"start":{"line":28,"column":4},"end":{"line":28,"column":67}},{"start":{},"end":{}}],"line":28},"6":{"loc":{"start":{"line":29,"column":4},"end":{"line":29,"column":68}},"type":"if","locations":[{"start":{"line":29,"column":4},"end":{"line":29,"column":68}},{"start":{},"end":{}}],"line":29},"7":{"loc":{"start":{"line":30,"column":4},"end":{"line":30,"column":65}},"type":"if","locations":[{"start":{"line":30,"column":4},"end":{"line":30,"column":65}},{"start":{},"end":{}}],"line":30}},"s":{"0":9,"1":15,"2":6,"3":6,"4":6,"5":6,"6":6,"7":6,"8":9,"9":15,"10":2,"11":13,"12":13,"13":1,"14":12,"15":1,"16":11,"17":2,"18":9,"19":1,"20":8,"21":1,"22":7,"23":1,"24":6},"f":{"0":15,"1":15},"b":{"0":[2,13],"1":[15,14],"2":[1,12],"3":[1,11],"4":[2,9],"5":[1,8],"6":[1,7],"7":[1,6]},"_coverageSchema":"1a1c01bbd47fc00a2c39e90264f33305004495a9","hash":"defaf4779b26fee1c8be81b02b225a79048a10cf"}
,"D:\\Programming\\application\\submissions\\Backend-Developer\\Expert\\forum-api\\src\\Domains\\comments\\entities\\InfoComment.js": {"path":"D:\\Programming\\application\\submissions\\Backend-Developer\\Expert\\forum-api\\src\\Domains\\comments\\entities\\InfoComment.js","statementMap":{"0":{"start":{"line":1,"column":0},"end":{"line":28,"column":1}},"1":{"start":{"line":3,"column":35},"end":{"line":3,"column":70}},"2":{"start":{"line":5,"column":4},"end":{"line":5,"column":16}},"3":{"start":{"line":6,"column":4},"end":{"line":6,"column":26}},"4":{"start":{"line":7,"column":4},"end":{"line":7,"column":22}},"5":{"start":{"line":10,"column":17},"end":{"line":13,"column":3}},"6":{"start":{"line":16,"column":4},"end":{"line":18,"column":5}},"7":{"start":{"line":17,"column":6},"end":{"line":17,"column":48}},"8":{"start":{"line":20,"column":35},"end":{"line":20,"column":42}},"9":{"start":{"line":22,"column":4},"end":{"line":22,"column":68}},"10":{"start":{"line":22,"column":32},"end":{"line":22,"column":68}},"11":{"start":{"line":23,"column":4},"end":{"line":23,"column":73}},"12":{"start":{"line":23,"column":37},"end":{"line":23,"column":73}},"13":{"start":{"line":24,"column":4},"end":{"line":24,"column":71}},"14":{"start":{"line":24,"column":35},"end":{"line":24,"column":71}},"15":{"start":{"line":26,"column":4},"end":{"line":26,"column":18}}},"fnMap":{"0":{"name":"(anonymous_0)","decl":{"start":{"line":2,"column":2},"end":{"line":2,"column":3}},"loc":{"start":{"line":2,"column":24},"end":{"line":8,"column":3}},"line":2},"1":{"name":"(anonymous_1)","decl":{"start":{"line":15,"column":2},"end":{"line":15,"column":3}},"loc":{"start":{"line":15,"column":34},"end":{"line":27,"column":3}},"line":15}},"branchMap":{"0":{"loc":{"start":{"line":16,"column":4},"end":{"line":18,"column":5}},"type":"if","locations":[{"start":{"line":16,"column":4},"end":{"line":18,"column":5}},{"start":{},"end":{}}],"line":16},"1":{"loc":{"start":{"line":16,"column":8},"end":{"line":16,"column":92}},"type":"binary-expr","locations":[{"start":{"line":16,"column":8},"end":{"line":16,"column":24}},{"start":{"line":16,"column":28},"end":{"line":16,"column":92}}],"line":16},"2":{"loc":{"start":{"line":22,"column":4},"end":{"line":22,"column":68}},"type":"if","locations":[{"start":{"line":22,"column":4},"end":{"line":22,"column":68}},{"start":{},"end":{}}],"line":22},"3":{"loc":{"start":{"line":23,"column":4},"end":{"line":23,"column":73}},"type":"if","locations":[{"start":{"line":23,"column":4},"end":{"line":23,"column":73}},{"start":{},"end":{}}],"line":23},"4":{"loc":{"start":{"line":24,"column":4},"end":{"line":24,"column":71}},"type":"if","locations":[{"start":{"line":24,"column":4},"end":{"line":24,"column":71}},{"start":{},"end":{}}],"line":24}},"s":{"0":8,"1":9,"2":4,"3":4,"4":4,"5":8,"6":9,"7":2,"8":7,"9":7,"10":1,"11":6,"12":1,"13":5,"14":1,"15":4},"f":{"0":9,"1":9},"b":{"0":[2,7],"1":[9,8],"2":[1,6],"3":[1,5],"4":[1,4]},"_coverageSchema":"1a1c01bbd47fc00a2c39e90264f33305004495a9","hash":"3465f5a13b39053933a8c297f29dabc6d18c0211"}
,"D:\\Programming\\application\\submissions\\Backend-Developer\\Expert\\forum-api\\src\\Domains\\comments\\entities\\NewComment.js": {"path":"D:\\Programming\\application\\submissions\\Backend-Developer\\Expert\\forum-api\\src\\Domains\\comments\\entities\\NewComment.js","statementMap":{"0":{"start":{"line":1,"column":0},"end":{"line":28,"column":1}},"1":{"start":{"line":3,"column":39},"end":{"line":3,"column":73}},"2":{"start":{"line":5,"column":4},"end":{"line":5,"column":26}},"3":{"start":{"line":6,"column":4},"end":{"line":6,"column":22}},"4":{"start":{"line":7,"column":4},"end":{"line":7,"column":24}},"5":{"start":{"line":10,"column":17},"end":{"line":13,"column":3}},"6":{"start":{"line":16,"column":4},"end":{"line":18,"column":5}},"7":{"start":{"line":17,"column":6},"end":{"line":17,"column":47}},"8":{"start":{"line":20,"column":39},"end":{"line":20,"column":46}},"9":{"start":{"line":22,"column":4},"end":{"line":22,"column":72}},"10":{"start":{"line":22,"column":37},"end":{"line":22,"column":72}},"11":{"start":{"line":23,"column":4},"end":{"line":23,"column":70}},"12":{"start":{"line":23,"column":35},"end":{"line":23,"column":70}},"13":{"start":{"line":24,"column":4},"end":{"line":24,"column":71}},"14":{"start":{"line":24,"column":36},"end":{"line":24,"column":71}},"15":{"start":{"line":26,"column":4},"end":{"line":26,"column":18}}},"fnMap":{"0":{"name":"(anonymous_0)","decl":{"start":{"line":2,"column":2},"end":{"line":2,"column":3}},"loc":{"start":{"line":2,"column":24},"end":{"line":8,"column":3}},"line":2},"1":{"name":"(anonymous_1)","decl":{"start":{"line":15,"column":2},"end":{"line":15,"column":3}},"loc":{"start":{"line":15,"column":34},"end":{"line":27,"column":3}},"line":15}},"branchMap":{"0":{"loc":{"start":{"line":16,"column":4},"end":{"line":18,"column":5}},"type":"if","locations":[{"start":{"line":16,"column":4},"end":{"line":18,"column":5}},{"start":{},"end":{}}],"line":16},"1":{"loc":{"start":{"line":16,"column":8},"end":{"line":16,"column":96}},"type":"binary-expr","locations":[{"start":{"line":16,"column":8},"end":{"line":16,"column":24}},{"start":{"line":16,"column":28},"end":{"line":16,"column":96}}],"line":16},"2":{"loc":{"start":{"line":22,"column":4},"end":{"line":22,"column":72}},"type":"if","locations":[{"start":{"line":22,"column":4},"end":{"line":22,"column":72}},{"start":{},"end":{}}],"line":22},"3":{"loc":{"start":{"line":23,"column":4},"end":{"line":23,"column":70}},"type":"if","locations":[{"start":{"line":23,"column":4},"end":{"line":23,"column":70}},{"start":{},"end":{}}],"line":23},"4":{"loc":{"start":{"line":24,"column":4},"end":{"line":24,"column":71}},"type":"if","locations":[{"start":{"line":24,"column":4},"end":{"line":24,"column":71}},{"start":{},"end":{}}],"line":24}},"s":{"0":10,"1":14,"2":6,"3":6,"4":6,"5":10,"6":14,"7":4,"8":10,"9":10,"10":2,"11":8,"12":1,"13":7,"14":1,"15":6},"f":{"0":14,"1":14},"b":{"0":[4,10],"1":[14,13],"2":[2,8],"3":[1,7],"4":[1,6]},"_coverageSchema":"1a1c01bbd47fc00a2c39e90264f33305004495a9","hash":"47b3119c9eafe7fb92633d1f3d40733e91b37075"}
,"D:\\Programming\\application\\submissions\\Backend-Developer\\Expert\\forum-api\\src\\Domains\\replies\\ReplyRepositoryInterface.js": {"path":"D:\\Programming\\application\\submissions\\Backend-Developer\\Expert\\forum-api\\src\\Domains\\replies\\ReplyRepositoryInterface.js","statementMap":{"0":{"start":{"line":1,"column":0},"end":{"line":32,"column":1}},"1":{"start":{"line":3,"column":4},"end":{"line":5,"column":5}},"2":{"start":{"line":4,"column":6},"end":{"line":4,"column":64}},"3":{"start":{"line":8,"column":17},"end":{"line":11,"column":3}},"4":{"start":{"line":14,"column":4},"end":{"line":14,"column":61}},"5":{"start":{"line":18,"column":4},"end":{"line":18,"column":61}},"6":{"start":{"line":22,"column":4},"end":{"line":22,"column":61}},"7":{"start":{"line":26,"column":4},"end":{"line":26,"column":61}},"8":{"start":{"line":30,"column":4},"end":{"line":30,"column":61}}},"fnMap":{"0":{"name":"(anonymous_0)","decl":{"start":{"line":2,"column":2},"end":{"line":2,"column":3}},"loc":{"start":{"line":2,"column":17},"end":{"line":6,"column":3}},"line":2},"1":{"name":"(anonymous_1)","decl":{"start":{"line":13,"column":2},"end":{"line":13,"column":3}},"loc":{"start":{"line":13,"column":22},"end":{"line":15,"column":3}},"line":13},"2":{"name":"(anonymous_2)","decl":{"start":{"line":17,"column":2},"end":{"line":17,"column":3}},"loc":{"start":{"line":17,"column":28},"end":{"line":19,"column":3}},"line":17},"3":{"name":"(anonymous_3)","decl":{"start":{"line":21,"column":2},"end":{"line":21,"column":3}},"loc":{"start":{"line":21,"column":29},"end":{"line":23,"column":3}},"line":21},"4":{"name":"(anonymous_4)","decl":{"start":{"line":25,"column":2},"end":{"line":25,"column":3}},"loc":{"start":{"line":25,"column":43},"end":{"line":27,"column":3}},"line":25},"5":{"name":"(anonymous_5)","decl":{"start":{"line":29,"column":2},"end":{"line":29,"column":3}},"loc":{"start":{"line":29,"column":38},"end":{"line":31,"column":3}},"line":29}},"branchMap":{"0":{"loc":{"start":{"line":3,"column":4},"end":{"line":5,"column":5}},"type":"if","locations":[{"start":{"line":3,"column":4},"end":{"line":5,"column":5}},{"start":{},"end":{}}],"line":3}},"s":{"0":10,"1":7,"2":1,"3":10,"4":1,"5":1,"6":1,"7":1,"8":1},"f":{"0":7,"1":1,"2":1,"3":1,"4":1,"5":1},"b":{"0":[1,6]},"_coverageSchema":"1a1c01bbd47fc00a2c39e90264f33305004495a9","hash":"9e05c57e38c94546d196d25c8638bbbb9bc6d387"}
,"D:\\Programming\\application\\submissions\\Backend-Developer\\Expert\\forum-api\\src\\Domains\\replies\\entities\\ArrayItemReply.js": {"path":"D:\\Programming\\application\\submissions\\Backend-Developer\\Expert\\forum-api\\src\\Domains\\replies\\entities\\ArrayItemReply.js","statementMap":{"0":{"start":{"line":1,"column":0},"end":{"line":31,"column":1}},"1":{"start":{"line":3,"column":54},"end":{"line":3,"column":92}},"2":{"start":{"line":5,"column":4},"end":{"line":5,"column":16}},"3":{"start":{"line":6,"column":4},"end":{"line":6,"column":67}},"4":{"start":{"line":7,"column":4},"end":{"line":7,"column":34}},"5":{"start":{"line":8,"column":4},"end":{"line":8,"column":28}},"6":{"start":{"line":11,"column":17},"end":{"line":14,"column":3}},"7":{"start":{"line":17,"column":4},"end":{"line":19,"column":5}},"8":{"start":{"line":18,"column":6},"end":{"line":18,"column":51}},"9":{"start":{"line":21,"column":54},"end":{"line":21,"column":61}},"10":{"start":{"line":23,"column":4},"end":{"line":23,"column":71}},"11":{"start":{"line":23,"column":32},"end":{"line":23,"column":71}},"12":{"start":{"line":24,"column":4},"end":{"line":24,"column":77}},"13":{"start":{"line":24,"column":38},"end":{"line":24,"column":77}},"14":{"start":{"line":25,"column":4},"end":{"line":25,"column":72}},"15":{"start":{"line":25,"column":33},"end":{"line":25,"column":72}},"16":{"start":{"line":26,"column":4},"end":{"line":26,"column":76}},"17":{"start":{"line":26,"column":37},"end":{"line":26,"column":76}},"18":{"start":{"line":27,"column":4},"end":{"line":27,"column":78}},"19":{"start":{"line":27,"column":39},"end":{"line":27,"column":78}},"20":{"start":{"line":29,"column":4},"end":{"line":29,"column":18}}},"fnMap":{"0":{"name":"(anonymous_0)","decl":{"start":{"line":2,"column":2},"end":{"line":2,"column":3}},"loc":{"start":{"line":2,"column":24},"end":{"line":9,"column":3}},"line":2},"1":{"name":"(anonymous_1)","decl":{"start":{"line":16,"column":2},"end":{"line":16,"column":3}},"loc":{"start":{"line":16,"column":34},"end":{"line":30,"column":3}},"line":16}},"branchMap":{"0":{"loc":{"start":{"line":6,"column":19},"end":{"line":6,"column":67}},"type":"cond-expr","locations":[{"start":{"line":6,"column":30},"end":{"line":6,"column":57}},{"start":{"line":6,"column":60},"end":{"line":6,"column":67}}],"line":6},"1":{"loc":{"start":{"line":17,"column":4},"end":{"line":19,"column":5}},"type":"if","locations":[{"start":{"line":17,"column":4},"end":{"line":19,"column":5}},{"start":{},"end":{}}],"line":17},"2":{"loc":{"start":{"line":17,"column":8},"end":{"line":17,"column":127}},"type":"binary-expr","locations":[{"start":{"line":17,"column":8},"end":{"line":17,"column":24}},{"start":{"line":17,"column":28},"end":{"line":17,"column":127}}],"line":17},"3":{"loc":{"start":{"line":23,"column":4},"end":{"line":23,"column":71}},"type":"if","locations":[{"start":{"line":23,"column":4},"end":{"line":23,"column":71}},{"start":{},"end":{}}],"line":23},"4":{"loc":{"start":{"line":24,"column":4},"end":{"line":24,"column":77}},"type":"if","locations":[{"start":{"line":24,"column":4},"end":{"line":24,"column":77}},{"start":{},"end":{}}],"line":24},"5":{"loc":{"start":{"line":25,"column":4},"end":{"line":25,"column":72}},"type":"if","locations":[{"start":{"line":25,"column":4},"end":{"line":25,"column":72}},{"start":{},"end":{}}],"line":25},"6":{"loc":{"start":{"line":26,"column":4},"end":{"line":26,"column":76}},"type":"if","locations":[{"start":{"line":26,"column":4},"end":{"line":26,"column":76}},{"start":{},"end":{}}],"line":26},"7":{"loc":{"start":{"line":27,"column":4},"end":{"line":27,"column":78}},"type":"if","locations":[{"start":{"line":27,"column":4},"end":{"line":27,"column":78}},{"start":{},"end":{}}],"line":27}},"s":{"0":9,"1":12,"2":5,"3":5,"4":5,"5":5,"6":9,"7":12,"8":2,"9":10,"10":10,"11":1,"12":9,"13":1,"14":8,"15":1,"16":7,"17":1,"18":6,"19":1,"20":5},"f":{"0":12,"1":12},"b":{"0":[3,2],"1":[2,10],"2":[12,11],"3":[1,9],"4":[1,8],"5":[1,7],"6":[1,6],"7":[1,5]},"_coverageSchema":"1a1c01bbd47fc00a2c39e90264f33305004495a9","hash":"02740b594fbe620052281596a55e55ff90a95a52"}
,"D:\\Programming\\application\\submissions\\Backend-Developer\\Expert\\forum-api\\src\\Domains\\replies\\entities\\InfoReply.js": {"path":"D:\\Programming\\application\\submissions\\Backend-Developer\\Expert\\forum-api\\src\\Domains\\replies\\entities\\InfoReply.js","statementMap":{"0":{"start":{"line":1,"column":0},"end":{"line":28,"column":1}},"1":{"start":{"line":3,"column":35},"end":{"line":3,"column":68}},"2":{"start":{"line":5,"column":4},"end":{"line":5,"column":16}},"3":{"start":{"line":6,"column":4},"end":{"line":6,"column":26}},"4":{"start":{"line":7,"column":4},"end":{"line":7,"column":22}},"5":{"start":{"line":10,"column":17},"end":{"line":13,"column":3}},"6":{"start":{"line":16,"column":4},"end":{"line":18,"column":5}},"7":{"start":{"line":17,"column":6},"end":{"line":17,"column":46}},"8":{"start":{"line":20,"column":35},"end":{"line":20,"column":42}},"9":{"start":{"line":22,"column":4},"end":{"line":22,"column":66}},"10":{"start":{"line":22,"column":32},"end":{"line":22,"column":66}},"11":{"start":{"line":23,"column":4},"end":{"line":23,"column":71}},"12":{"start":{"line":23,"column":37},"end":{"line":23,"column":71}},"13":{"start":{"line":24,"column":4},"end":{"line":24,"column":69}},"14":{"start":{"line":24,"column":35},"end":{"line":24,"column":69}},"15":{"start":{"line":26,"column":4},"end":{"line":26,"column":18}}},"fnMap":{"0":{"name":"(anonymous_0)","decl":{"start":{"line":2,"column":2},"end":{"line":2,"column":3}},"loc":{"start":{"line":2,"column":24},"end":{"line":8,"column":3}},"line":2},"1":{"name":"(anonymous_1)","decl":{"start":{"line":15,"column":2},"end":{"line":15,"column":3}},"loc":{"start":{"line":15,"column":34},"end":{"line":27,"column":3}},"line":15}},"branchMap":{"0":{"loc":{"start":{"line":16,"column":4},"end":{"line":18,"column":5}},"type":"if","locations":[{"start":{"line":16,"column":4},"end":{"line":18,"column":5}},{"start":{},"end":{}}],"line":16},"1":{"loc":{"start":{"line":16,"column":8},"end":{"line":16,"column":92}},"type":"binary-expr","locations":[{"start":{"line":16,"column":8},"end":{"line":16,"column":24}},{"start":{"line":16,"column":28},"end":{"line":16,"column":92}}],"line":16},"2":{"loc":{"start":{"line":22,"column":4},"end":{"line":22,"column":66}},"type":"if","locations":[{"start":{"line":22,"column":4},"end":{"line":22,"column":66}},{"start":{},"end":{}}],"line":22},"3":{"loc":{"start":{"line":23,"column":4},"end":{"line":23,"column":71}},"type":"if","locations":[{"start":{"line":23,"column":4},"end":{"line":23,"column":71}},{"start":{},"end":{}}],"line":23},"4":{"loc":{"start":{"line":24,"column":4},"end":{"line":24,"column":69}},"type":"if","locations":[{"start":{"line":24,"column":4},"end":{"line":24,"column":69}},{"start":{},"end":{}}],"line":24}},"s":{"0":8,"1":9,"2":4,"3":4,"4":4,"5":8,"6":9,"7":2,"8":7,"9":7,"10":1,"11":6,"12":1,"13":5,"14":1,"15":4},"f":{"0":9,"1":9},"b":{"0":[2,7],"1":[9,8],"2":[1,6],"3":[1,5],"4":[1,4]},"_coverageSchema":"1a1c01bbd47fc00a2c39e90264f33305004495a9","hash":"983e9dfb9b5964baef9f18792f05b5f1e866262a"}
,"D:\\Programming\\application\\submissions\\Backend-Developer\\Expert\\forum-api\\src\\Domains\\replies\\entities\\NewReply.js": {"path":"D:\\Programming\\application\\submissions\\Backend-Developer\\Expert\\forum-api\\src\\Domains\\replies\\entities\\NewReply.js","statementMap":{"0":{"start":{"line":1,"column":0},"end":{"line":28,"column":1}},"1":{"start":{"line":3,"column":40},"end":{"line":3,"column":74}},"2":{"start":{"line":5,"column":4},"end":{"line":5,"column":26}},"3":{"start":{"line":6,"column":4},"end":{"line":6,"column":22}},"4":{"start":{"line":7,"column":4},"end":{"line":7,"column":26}},"5":{"start":{"line":10,"column":17},"end":{"line":13,"column":3}},"6":{"start":{"line":16,"column":4},"end":{"line":18,"column":5}},"7":{"start":{"line":17,"column":6},"end":{"line":17,"column":47}},"8":{"start":{"line":20,"column":40},"end":{"line":20,"column":47}},"9":{"start":{"line":22,"column":4},"end":{"line":22,"column":72}},"10":{"start":{"line":22,"column":37},"end":{"line":22,"column":72}},"11":{"start":{"line":23,"column":4},"end":{"line":23,"column":70}},"12":{"start":{"line":23,"column":35},"end":{"line":23,"column":70}},"13":{"start":{"line":24,"column":4},"end":{"line":24,"column":72}},"14":{"start":{"line":24,"column":37},"end":{"line":24,"column":72}},"15":{"start":{"line":26,"column":4},"end":{"line":26,"column":18}}},"fnMap":{"0":{"name":"(anonymous_0)","decl":{"start":{"line":2,"column":2},"end":{"line":2,"column":3}},"loc":{"start":{"line":2,"column":24},"end":{"line":8,"column":3}},"line":2},"1":{"name":"(anonymous_1)","decl":{"start":{"line":15,"column":2},"end":{"line":15,"column":3}},"loc":{"start":{"line":15,"column":34},"end":{"line":27,"column":3}},"line":15}},"branchMap":{"0":{"loc":{"start":{"line":16,"column":4},"end":{"line":18,"column":5}},"type":"if","locations":[{"start":{"line":16,"column":4},"end":{"line":18,"column":5}},{"start":{},"end":{}}],"line":16},"1":{"loc":{"start":{"line":16,"column":8},"end":{"line":16,"column":97}},"type":"binary-expr","locations":[{"start":{"line":16,"column":8},"end":{"line":16,"column":24}},{"start":{"line":16,"column":28},"end":{"line":16,"column":97}}],"line":16},"2":{"loc":{"start":{"line":22,"column":4},"end":{"line":22,"column":72}},"type":"if","locations":[{"start":{"line":22,"column":4},"end":{"line":22,"column":72}},{"start":{},"end":{}}],"line":22},"3":{"loc":{"start":{"line":23,"column":4},"end":{"line":23,"column":70}},"type":"if","locations":[{"start":{"line":23,"column":4},"end":{"line":23,"column":70}},{"start":{},"end":{}}],"line":23},"4":{"loc":{"start":{"line":24,"column":4},"end":{"line":24,"column":72}},"type":"if","locations":[{"start":{"line":24,"column":4},"end":{"line":24,"column":72}},{"start":{},"end":{}}],"line":24}},"s":{"0":10,"1":14,"2":6,"3":6,"4":6,"5":10,"6":14,"7":4,"8":10,"9":10,"10":2,"11":8,"12":1,"13":7,"14":1,"15":6},"f":{"0":14,"1":14},"b":{"0":[4,10],"1":[14,13],"2":[2,8],"3":[1,7],"4":[1,6]},"_coverageSchema":"1a1c01bbd47fc00a2c39e90264f33305004495a9","hash":"ce586268f4fdcb99cc893d7907d67e7f0556b04b"}
,"D:\\Programming\\application\\submissions\\Backend-Developer\\Expert\\forum-api\\src\\Domains\\replies\\entities\\Reply.js": {"path":"D:\\Programming\\application\\submissions\\Backend-Developer\\Expert\\forum-api\\src\\Domains\\replies\\entities\\Reply.js","statementMap":{"0":{"start":{"line":1,"column":0},"end":{"line":34,"column":1}},"1":{"start":{"line":3,"column":60},"end":{"line":3,"column":89}},"2":{"start":{"line":5,"column":4},"end":{"line":5,"column":16}},"3":{"start":{"line":6,"column":4},"end":{"line":6,"column":26}},"4":{"start":{"line":7,"column":4},"end":{"line":7,"column":28}},"5":{"start":{"line":8,"column":4},"end":{"line":8,"column":22}},"6":{"start":{"line":9,"column":4},"end":{"line":9,"column":26}},"7":{"start":{"line":10,"column":4},"end":{"line":10,"column":20}},"8":{"start":{"line":13,"column":17},"end":{"line":16,"column":3}},"9":{"start":{"line":19,"column":4},"end":{"line":21,"column":5}},"10":{"start":{"line":20,"column":6},"end":{"line":20,"column":42}},"11":{"start":{"line":23,"column":60},"end":{"line":23,"column":67}},"12":{"start":{"line":25,"column":4},"end":{"line":25,"column":62}},"13":{"start":{"line":25,"column":32},"end":{"line":25,"column":62}},"14":{"start":{"line":26,"column":4},"end":{"line":26,"column":67}},"15":{"start":{"line":26,"column":37},"end":{"line":26,"column":67}},"16":{"start":{"line":27,"column":4},"end":{"line":27,"column":69}},"17":{"start":{"line":27,"column":39},"end":{"line":27,"column":69}},"18":{"start":{"line":28,"column":4},"end":{"line":28,"column":65}},"19":{"start":{"line":28,"column":35},"end":{"line":28,"column":65}},"20":{"start":{"line":29,"column":4},"end":{"line":29,"column":67}},"21":{"start":{"line":29,"column":37},"end":{"line":29,"column":67}},"22":{"start":{"line":30,"column":4},"end":{"line":30,"column":63}},"23":{"start":{"line":30,"column":33},"end":{"line":30,"column":63}},"24":{"start":{"line":32,"column":4},"end":{"line":32,"column":18}}},"fnMap":{"0":{"name":"(anonymous_0)","decl":{"start":{"line":2,"column":2},"end":{"line":2,"column":3}},"loc":{"start":{"line":2,"column":24},"end":{"line":11,"column":3}},"line":2},"1":{"name":"(anonymous_1)","decl":{"start":{"line":18,"column":2},"end":{"line":18,"column":3}},"loc":{"start":{"line":18,"column":34},"end":{"line":33,"column":3}},"line":18}},"branchMap":{"0":{"loc":{"start":{"line":19,"column":4},"end":{"line":21,"column":5}},"type":"if","locations":[{"start":{"line":19,"column":4},"end":{"line":21,"column":5}},{"start":{},"end":{}}],"line":19},"1":{"loc":{"start":{"line":19,"column":8},"end":{"line":19,"column":141}},"type":"binary-expr","locations":[{"start":{"line":19,"column":8},"end":{"line":19,"column":24}},{"start":{"line":19,"column":28},"end":{"line":19,"column":141}}],"line":19},"2":{"loc":{"start":{"line":25,"column":4},"end":{"line":25,"column":62}},"type":"if","locations":[{"start":{"line":25,"column":4},"end":{"line":25,"column":62}},{"start":{},"end":{}}],"line":25},"3":{"loc":{"start":{"line":26,"column":4},"end":{"line":26,"column":67}},"type":"if","locations":[{"start":{"line":26,"column":4},"end":{"line":26,"column":67}},{"start":{},"end":{}}],"line":26},"4":{"loc":{"start":{"line":27,"column":4},"end":{"line":27,"column":69}},"type":"if","locations":[{"start":{"line":27,"column":4},"end":{"line":27,"column":69}},{"start":{},"end":{}}],"line":27},"5":{"loc":{"start":{"line":28,"column":4},"end":{"line":28,"column":65}},"type":"if","locations":[{"start":{"line":28,"column":4},"end":{"line":28,"column":65}},{"start":{},"end":{}}],"line":28},"6":{"loc":{"start":{"line":29,"column":4},"end":{"line":29,"column":67}},"type":"if","locations":[{"start":{"line":29,"column":4},"end":{"line":29,"column":67}},{"start":{},"end":{}}],"line":29},"7":{"loc":{"start":{"line":30,"column":4},"end":{"line":30,"column":63}},"type":"if","locations":[{"start":{"line":30,"column":4},"end":{"line":30,"column":63}},{"start":{},"end":{}}],"line":30}},"s":{"0":9,"1":15,"2":6,"3":6,"4":6,"5":6,"6":6,"7":6,"8":9,"9":15,"10":2,"11":13,"12":13,"13":1,"14":12,"15":1,"16":11,"17":2,"18":9,"19":1,"20":8,"21":1,"22":7,"23":1,"24":6},"f":{"0":15,"1":15},"b":{"0":[2,13],"1":[15,14],"2":[1,12],"3":[1,11],"4":[2,9],"5":[1,8],"6":[1,7],"7":[1,6]},"_coverageSchema":"1a1c01bbd47fc00a2c39e90264f33305004495a9","hash":"29a14ce6dc0a5460140db62e766d47346145269c"}
,"D:\\Programming\\application\\submissions\\Backend-Developer\\Expert\\forum-api\\src\\Domains\\threads\\ThreadRepositoryInterface.js": {"path":"D:\\Programming\\application\\submissions\\Backend-Developer\\Expert\\forum-api\\src\\Domains\\threads\\ThreadRepositoryInterface.js","statementMap":{"0":{"start":{"line":1,"column":0},"end":{"line":24,"column":1}},"1":{"start":{"line":3,"column":4},"end":{"line":5,"column":5}},"2":{"start":{"line":4,"column":6},"end":{"line":4,"column":65}},"3":{"start":{"line":8,"column":17},"end":{"line":11,"column":3}},"4":{"start":{"line":14,"column":4},"end":{"line":14,"column":62}},"5":{"start":{"line":18,"column":4},"end":{"line":18,"column":62}},"6":{"start":{"line":22,"column":4},"end":{"line":22,"column":62}}},"fnMap":{"0":{"name":"(anonymous_0)","decl":{"start":{"line":2,"column":2},"end":{"line":2,"column":3}},"loc":{"start":{"line":2,"column":17},"end":{"line":6,"column":3}},"line":2},"1":{"name":"(anonymous_1)","decl":{"start":{"line":13,"column":2},"end":{"line":13,"column":3}},"loc":{"start":{"line":13,"column":15},"end":{"line":15,"column":3}},"line":13},"2":{"name":"(anonymous_2)","decl":{"start":{"line":17,"column":2},"end":{"line":17,"column":3}},"loc":{"start":{"line":17,"column":29},"end":{"line":19,"column":3}},"line":17},"3":{"name":"(anonymous_3)","decl":{"start":{"line":21,"column":2},"end":{"line":21,"column":3}},"loc":{"start":{"line":21,"column":29},"end":{"line":23,"column":3}},"line":21}},"branchMap":{"0":{"loc":{"start":{"line":3,"column":4},"end":{"line":5,"column":5}},"type":"if","locations":[{"start":{"line":3,"column":4},"end":{"line":5,"column":5}},{"start":{},"end":{}}],"line":3}},"s":{"0":11,"1":9,"2":1,"3":11,"4":1,"5":1,"6":1},"f":{"0":9,"1":1,"2":1,"3":1},"b":{"0":[1,8]},"_coverageSchema":"1a1c01bbd47fc00a2c39e90264f33305004495a9","hash":"e2a2b42aaec35a0cb2749a5e255e0ce72d2436ac"}
,"D:\\Programming\\application\\submissions\\Backend-Developer\\Expert\\forum-api\\src\\Domains\\threads\\entities\\DetailedThread.js": {"path":"D:\\Programming\\application\\submissions\\Backend-Developer\\Expert\\forum-api\\src\\Domains\\threads\\entities\\DetailedThread.js","statementMap":{"0":{"start":{"line":1,"column":0},"end":{"line":32,"column":1}},"1":{"start":{"line":3,"column":48},"end":{"line":3,"column":86}},"2":{"start":{"line":5,"column":4},"end":{"line":5,"column":16}},"3":{"start":{"line":6,"column":4},"end":{"line":6,"column":22}},"4":{"start":{"line":7,"column":4},"end":{"line":7,"column":20}},"5":{"start":{"line":8,"column":4},"end":{"line":8,"column":34}},"6":{"start":{"line":9,"column":4},"end":{"line":9,"column":28}},"7":{"start":{"line":12,"column":17},"end":{"line":15,"column":3}},"8":{"start":{"line":18,"column":4},"end":{"line":20,"column":5}},"9":{"start":{"line":19,"column":6},"end":{"line":19,"column":51}},"10":{"start":{"line":22,"column":48},"end":{"line":22,"column":55}},"11":{"start":{"line":24,"column":4},"end":{"line":24,"column":71}},"12":{"start":{"line":24,"column":32},"end":{"line":24,"column":71}},"13":{"start":{"line":25,"column":4},"end":{"line":25,"column":74}},"14":{"start":{"line":25,"column":35},"end":{"line":25,"column":74}},"15":{"start":{"line":26,"column":4},"end":{"line":26,"column":73}},"16":{"start":{"line":26,"column":34},"end":{"line":26,"column":73}},"17":{"start":{"line":27,"column":4},"end":{"line":27,"column":72}},"18":{"start":{"line":27,"column":33},"end":{"line":27,"column":72}},"19":{"start":{"line":28,"column":4},"end":{"line":28,"column":77}},"20":{"start":{"line":28,"column":38},"end":{"line":28,"column":77}},"21":{"start":{"line":30,"column":4},"end":{"line":30,"column":18}}},"fnMap":{"0":{"name":"(anonymous_0)","decl":{"start":{"line":2,"column":2},"end":{"line":2,"column":3}},"loc":{"start":{"line":2,"column":24},"end":{"line":10,"column":3}},"line":2},"1":{"name":"(anonymous_1)","decl":{"start":{"line":17,"column":2},"end":{"line":17,"column":3}},"loc":{"start":{"line":17,"column":34},"end":{"line":31,"column":3}},"line":17}},"branchMap":{"0":{"loc":{"start":{"line":18,"column":4},"end":{"line":20,"column":5}},"type":"if","locations":[{"start":{"line":18,"column":4},"end":{"line":20,"column":5}},{"start":{},"end":{}}],"line":18},"1":{"loc":{"start":{"line":18,"column":8},"end":{"line":18,"column":121}},"type":"binary-expr","locations":[{"start":{"line":18,"column":8},"end":{"line":18,"column":24}},{"start":{"line":18,"column":28},"end":{"line":18,"column":121}}],"line":18},"2":{"loc":{"start":{"line":24,"column":4},"end":{"line":24,"column":71}},"type":"if","locations":[{"start":{"line":24,"column":4},"end":{"line":24,"column":71}},{"start":{},"end":{}}],"line":24},"3":{"loc":{"start":{"line":25,"column":4},"end":{"line":25,"column":74}},"type":"if","locations":[{"start":{"line":25,"column":4},"end":{"line":25,"column":74}},{"start":{},"end":{}}],"line":25},"4":{"loc":{"start":{"line":26,"column":4},"end":{"line":26,"column":73}},"type":"if","locations":[{"start":{"line":26,"column":4},"end":{"line":26,"column":73}},{"start":{},"end":{}}],"line":26},"5":{"loc":{"start":{"line":27,"column":4},"end":{"line":27,"column":72}},"type":"if","locations":[{"start":{"line":27,"column":4},"end":{"line":27,"column":72}},{"start":{},"end":{}}],"line":27},"6":{"loc":{"start":{"line":28,"column":4},"end":{"line":28,"column":77}},"type":"if","locations":[{"start":{"line":28,"column":4},"end":{"line":28,"
[...]
,"D:\\Programming\\application\\submissions\\Backend-Developer\\Expert\\forum-api\\src\\Interfaces\\http\\api\\authentications\\index.js": {"path":"D:\\Programming\\application\\submissions\\Backend-Developer\\Expert\\forum-api\\src\\Interfaces\\http\\api\\authentications\\index.js","statementMap":{"0":{"start":{"line":1,"column":16},"end":{"line":1,"column":36}},"1":{"start":{"line":2,"column":15},"end":{"line":2,"column":34}},"2":{"start":{"line":4,"column":0},"end":{"line":9,"column":1}},"3":{"start":{"line":7,"column":4},"end":{"line":7,"column":48}}},"fnMap":{"0":{"name":"(anonymous_0)","decl":{"start":{"line":6,"column":12},"end":{"line":6,"column":13}},"loc":{"start":{"line":6,"column":51},"end":{"line":8,"column":3}},"line":6}},"branchMap":{},"s":{"0":6,"1":6,"2":6,"3":7},"f":{"0":7},"b":{},"_coverageSchema":"1a1c01bbd47fc00a2c39e90264f33305004495a9","hash":"4eaf799218bdda1cc3141f3853425e7ff24ed102"}
,"D:\\Programming\\application\\submissions\\Backend-Developer\\Expert\\forum-api\\src\\Interfaces\\http\\api\\authentications\\routes.js": {"path":"D:\\Programming\\application\\submissions\\Backend-Developer\\Expert\\forum-api\\src\\Interfaces\\http\\api\\authentications\\routes.js","statementMap":{"0":{"start":{"line":1,"column":0},"end":{"line":19,"column":1}},"1":{"start":{"line":2,"column":2},"end":{"line":18,"column":3}}},"fnMap":{"0":{"name":"(anonymous_0)","decl":{"start":{"line":1,"column":17},"end":{"line":1,"column":18}},"loc":{"start":{"line":1,"column":36},"end":{"line":19,"column":1}},"line":1}},"branchMap":{},"s":{"0":6,"1":7},"f":{"0":7},"b":{},"_coverageSchema":"1a1c01bbd47fc00a2c39e90264f33305004495a9","hash":"47ffa267530b248b7820cd5c2422d7b3e75bb0c4"}
,"D:\\Programming\\application\\submissions\\Backend-Developer\\Expert\\forum-api\\src\\Interfaces\\http\\api\\comments\\handler.js": {"path":"D:\\Programming\\application\\submissions\\Backend-Developer\\Expert\\forum-api\\src\\Interfaces\\http\\api\\comments\\handler.js","statementMap":{"0":{"start":{"line":1,"column":23},"end":{"line":1,"column":83}},"1":{"start":{"line":2,"column":19},"end":{"line":2,"column":77}},"2":{"start":{"line":4,"column":0},"end":{"line":38,"column":1}},"3":{"start":{"line":6,"column":4},"end":{"line":6,"column":31}},"4":{"start":{"line":8,"column":4},"end":{"line":8,"column":34}},"5":{"start":{"line":9,"column":4},"end":{"line":9,"column":40}},"6":{"start":{"line":13,"column":25},"end":{"line":13,"column":39}},"7":{"start":{"line":14,"column":52},"end":{"line":14,"column":73}},"8":{"start":{"line":15,"column":27},"end":{"line":15,"column":75}},"9":{"start":{"line":16,"column":24},"end":{"line":16,"column":94}},"10":{"start":{"line":17,"column":24},"end":{"line":17,"column":91}},"11":{"start":{"line":19,"column":4},"end":{"line":24,"column":16}},"12":{"start":{"line":28,"column":36},"end":{"line":28,"column":50}},"13":{"start":{"line":29,"column":27},"end":{"line":29,"column":75}},"14":{"start":{"line":30,"column":24},"end":{"line":30,"column":94}},"15":{"start":{"line":32,"column":4},"end":{"line":32,"column":69}},"16":{"start":{"line":34,"column":4},"end":{"line":36,"column":16}}},"fnMap":{"0":{"name":"(anonymous_0)","decl":{"start":{"line":5,"column":2},"end":{"line":5,"column":3}},"loc":{"start":{"line":5,"column":26},"end":{"line":10,"column":3}},"line":5},"1":{"name":"(anonymous_1)","decl":{"start":{"line":12,"column":2},"end":{"line":12,"column":3}},"loc":{"start":{"line":12,"column":25},"end":{"line":25,"column":3}},"line":12},"2":{"name":"(anonymous_2)","decl":{"start":{"line":27,"column":2},"end":{"line":27,"column":3}},"loc":{"start":{"line":27,"column":28},"end":{"line":37,"column":3}},"line":27}},"branchMap":{"0":{"loc":{"start":{"line":14,"column":21},"end":{"line":14,"column":47}},"type":"default-arg","locations":[{"start":{"line":14,"column":38},"end":{"line":14,"column":47}}],"line":14},"1":{"loc":{"start":{"line":14,"column":52},"end":{"line":14,"column":73}},"type":"binary-expr","locations":[{"start":{"line":14,"column":52},"end":{"line":14,"column":67}},{"start":{"line":14,"column":71},"end":{"line":14,"column":73}}],"line":14}},"s":{"0":6,"1":6,"2":6,"3":7,"4":7,"5":7,"6":5,"7":5,"8":5,"9":5,"10":4,"11":1,"12":4,"13":4,"14":4,"15":3,"16":1},"f":{"0":7,"1":5,"2":4},"b":{"0":[2],"1":[5,1]},"_coverageSchema":"1a1c01bbd47fc00a2c39e90264f33305004495a9","hash":"4f615f08e5c4ae7dc595731f623c40437e755d75"}
,"D:\\Programming\\application\\submissions\\Backend-Developer\\Expert\\forum-api\\src\\Interfaces\\http\\api\\comments\\index.js": {"path":"D:\\Programming\\application\\submissions\\Backend-Developer\\Expert\\forum-api\\src\\Interfaces\\http\\api\\comments\\index.js","statementMap":{"0":{"start":{"line":1,"column":16},"end":{"line":1,"column":36}},"1":{"start":{"line":2,"column":15},"end":{"line":2,"column":34}},"2":{"start":{"line":4,"column":0},"end":{"line":9,"column":1}},"3":{"start":{"line":7,"column":4},"end":{"line":7,"column":48}}},"fnMap":{"0":{"name":"(anonymous_0)","decl":{"start":{"line":6,"column":12},"end":{"line":6,"column":13}},"loc":{"start":{"line":6,"column":51},"end":{"line":8,"column":3}},"line":6}},"branchMap":{},"s":{"0":6,"1":6,"2":6,"3":7},"f":{"0":7},"b":{},"_coverageSchema":"1a1c01bbd47fc00a2c39e90264f33305004495a9","hash":"24bb6db3cc852e2ad1d0f62e6d600b9dc016ce7c"}
,"D:\\Programming\\application\\submissions\\Backend-Developer\\Expert\\forum-api\\src\\Interfaces\\http\\api\\comments\\routes.js": {"path":"D:\\Programming\\application\\submissions\\Backend-Developer\\Expert\\forum-api\\src\\Interfaces\\http\\api\\comments\\routes.js","statementMap":{"0":{"start":{"line":1,"column":0},"end":{"line":14,"column":1}},"1":{"start":{"line":2,"column":2},"end":{"line":13,"column":3}}},"fnMap":{"0":{"name":"(anonymous_0)","decl":{"start":{"line":1,"column":17},"end":{"line":1,"column":18}},"loc":{"start":{"line":1,"column":36},"end":{"line":14,"column":1}},"line":1}},"branchMap":{},"s":{"0":6,"1":7},"f":{"0":7},"b":{},"_coverageSchema":"1a1c01bbd47fc00a2c39e90264f33305004495a9","hash":"0b8419f0d3d800a31b66c8dde6b510f73d716a3b"}
,"D:\\Programming\\application\\submissions\\Backend-Developer\\Expert\\forum-api\\src\\Interfaces\\http\\api\\replies\\handler.js": {"path":"D:\\Programming\\application\\submissions\\Backend-Developer\\Expert\\forum-api\\src\\Interfaces\\http\\api\\replies\\handler.js","statementMap":{"0":{"start":{"line":1,"column":21},"end":{"line":1,"column":79}},"1":{"start":{"line":2,"column":19},"end":{"line":2,"column":77}},"2":{"start":{"line":4,"column":0},"end":{"line":38,"column":1}},"3":{"start":{"line":6,"column":4},"end":{"line":6,"column":31}},"4":{"start":{"line":8,"column":4},"end":{"line":8,"column":34}},"5":{"start":{"line":9,"column":4},"end":{"line":9,"column":40}},"6":{"start":{"line":13,"column":36},"end":{"line":13,"column":50}},"7":{"start":{"line":14,"column":50},"end":{"line":14,"column":71}},"8":{"start":{"line":15,"column":25},"end":{"line":15,"column":71}},"9":{"start":{"line":16,"column":24},"end":{"line":16,"column":94}},"10":{"start":{"line":17,"column":22},"end":{"line":17,"column":96}},"11":{"start":{"line":19,"column":4},"end":{"line":24,"column":16}},"12":{"start":{"line":28,"column":45},"end":{"line":28,"column":59}},"13":{"start":{"line":29,"column":25},"end":{"line":29,"column":71}},"14":{"start":{"line":30,"column":24},"end":{"line":30,"column":94}},"15":{"start":{"line":32,"column":4},"end":{"line":32,"column":76}},"16":{"start":{"line":34,"column":4},"end":{"line":36,"column":16}}},"fnMap":{"0":{"name":"(anonymous_0)","decl":{"start":{"line":5,"column":2},"end":{"line":5,"column":3}},"loc":{"start":{"line":5,"column":26},"end":{"line":10,"column":3}},"line":5},"1":{"name":"(anonymous_1)","decl":{"start":{"line":12,"column":2},"end":{"line":12,"column":3}},"loc":{"start":{"line":12,"column":25},"end":{"line":25,"column":3}},"line":12},"2":{"name":"(anonymous_2)","decl":{"start":{"line":27,"column":2},"end":{"line":27,"column":3}},"loc":{"start":{"line":27,"column":28},"end":{"line":37,"column":3}},"line":27}},"branchMap":{"0":{"loc":{"start":{"line":14,"column":21},"end":{"line":14,"column":45}},"type":"default-arg","locations":[{"start":{"line":14,"column":36},"end":{"line":14,"column":45}}],"line":14},"1":{"loc":{"start":{"line":14,"column":50},"end":{"line":14,"column":71}},"type":"binary-expr","locations":[{"start":{"line":14,"column":50},"end":{"line":14,"column":65}},{"start":{"line":14,"column":69},"end":{"line":14,"column":71}}],"line":14}},"s":{"0":6,"1":6,"2":6,"3":7,"4":7,"5":7,"6":5,"7":5,"8":5,"9":5,"10":4,"11":1,"12":4,"13":4,"14":4,"15":3,"16":1},"f":{"0":7,"1":5,"2":4},"b":{"0":[2],"1":[5,1]},"_coverageSchema":"1a1c01bbd47fc00a2c39e90264f33305004495a9","hash":"8531c886fb35976ceb301969f39ef83db014b9f8"}
,"D:\\Programming\\application\\submissions\\Backend-Developer\\Expert\\forum-api\\src\\Interfaces\\http\\api\\replies\\index.js": {"path":"D:\\Programming\\application\\submissions\\Backend-Developer\\Expert\\forum-api\\src\\Interfaces\\http\\api\\replies\\index.js","statementMap":{"0":{"start":{"line":1,"column":16},"end":{"line":1,"column":36}},"1":{"start":{"line":2,"column":15},"end":{"line":2,"column":34}},"2":{"start":{"line":4,"column":0},"end":{"line":9,"column":1}},"3":{"start":{"line":7,"column":4},"end":{"line":7,"column":48}}},"fnMap":{"0":{"name":"(anonymous_0)","decl":{"start":{"line":6,"column":12},"end":{"line":6,"column":13}},"loc":{"start":{"line":6,"column":51},"end":{"line":8,"column":3}},"line":6}},"branchMap":{},"s":{"0":6,"1":6,"2":6,"3":7},"f":{"0":7},"b":{},"_coverageSchema":"1a1c01bbd47fc00a2c39e90264f33305004495a9","hash":"7bcc339d1f7438d277b4aeab48c80c8b68b52ab2"}
,"D:\\Programming\\application\\submissions\\Backend-Developer\\Expert\\forum-api\\src\\Interfaces\\http\\api\\replies\\routes.js": {"path":"D:\\Programming\\application\\submissions\\Backend-Developer\\Expert\\forum-api\\src\\Interfaces\\http\\api\\replies\\routes.js","statementMap":{"0":{"start":{"line":1,"column":0},"end":{"line":14,"column":1}},"1":{"start":{"line":2,"column":2},"end":{"line":13,"column":3}}},"fnMap":{"0":{"name":"(anonymous_0)","decl":{"start":{"line":1,"column":17},"end":{"line":1,"column":18}},"loc":{"start":{"line":1,"column":36},"end":{"line":14,"column":1}},"line":1}},"branchMap":{},"s":{"0":6,"1":7},"f":{"0":7},"b":{},"_coverageSchema":"1a1c01bbd47fc00a2c39e90264f33305004495a9","hash":"80b1496fdefa322777e77a9c45ddd08cd1b27a79"}
,"D:\\Programming\\application\\submissions\\Backend-Developer\\Expert\\forum-api\\src\\Interfaces\\http\\api\\threads\\handler.js": {"path":"D:\\Programming\\application\\submissions\\Backend-Developer\\Expert\\forum-api\\src\\Interfaces\\http\\api\\threads\\handler.js","statementMap":{"0":{"start":{"line":1,"column":22},"end":{"line":1,"column":81}},"1":{"start":{"line":2,"column":19},"end":{"line":2,"column":77}},"2":{"start":{"line":4,"column":0},"end":{"line":38,"column":1}},"3":{"start":{"line":6,"column":4},"end":{"line":6,"column":31}},"4":{"start":{"line":8,"column":4},"end":{"line":8,"column":34}},"5":{"start":{"line":9,"column":4},"end":{"line":9,"column":50}},"6":{"start":{"line":13,"column":52},"end":{"line":13,"column":73}},"7":{"start":{"line":14,"column":26},"end":{"line":14,"column":73}},"8":{"start":{"line":15,"column":24},"end":{"line":15,"column":94}},"9":{"start":{"line":16,"column":23},"end":{"line":16,"column":101}},"10":{"start":{"line":18,"column":4},"end":{"line":23,"column":16}},"11":{"start":{"line":27,"column":25},"end":{"line":27,"column":39}},"12":{"start":{"line":28,"column":26},"end":{"line":28,"column":73}},"13":{"start":{"line":29,"column":27},"end":{"line":29,"column":76}},"14":{"start":{"line":31,"column":4},"end":{"line":36,"column":6}}},"fnMap":{"0":{"name":"(anonymous_0)","decl":{"start":{"line":5,"column":2},"end":{"line":5,"column":3}},"loc":{"start":{"line":5,"column":26},"end":{"line":10,"column":3}},"line":5},"1":{"name":"(anonymous_1)","decl":{"start":{"line":12,"column":2},"end":{"line":12,"column":3}},"loc":{"start":{"line":12,"column":25},"end":{"line":24,"column":3}},"line":12},"2":{"name":"(anonymous_2)","decl":{"start":{"line":26,"column":2},"end":{"line":26,"column":3}},"loc":{"start":{"line":26,"column":33},"end":{"line":37,"column":3}},"line":26}},"branchMap":{"0":{"loc":{"start":{"line":13,"column":12},"end":{"line":13,"column":29}},"type":"default-arg","locations":[{"start":{"line":13,"column":20},"end":{"line":13,"column":29}}],"line":13},"1":{"loc":{"start":{"line":13,"column":31},"end":{"line":13,"column":47}},"type":"default-arg","locations":[{"start":{"line":13,"column":38},"end":{"line":13,"column":47}}],"line":13},"2":{"loc":{"start":{"line":13,"column":52},"end":{"line":13,"column":73}},"type":"binary-expr","locations":[{"start":{"line":13,"column":52},"end":{"line":13,"column":67}},{"start":{"line":13,"column":71},"end":{"line":13,"column":73}}],"line":13}},"s":{"0":6,"1":6,"2":6,"3":7,"4":7,"5":7,"6":6,"7":6,"8":6,"9":5,"10":1,"11":3,"12":3,"13":3,"14":2},"f":{"0":7,"1":6,"2":3},"b":{"0":[2],"1":[2],"2":[6,1]},"_coverageSchema":"1a1c01bbd47fc00a2c39e90264f33305004495a9","hash":"8b06b96c88f68d7ae773c7e77c97a6b8e8beb1db"}
,"D:\\Programming\\application\\submissions\\Backend-Developer\\Expert\\forum-api\\src\\Interfaces\\http\\api\\threads\\index.js": {"path":"D:\\Programming\\application\\submissions\\Backend-Developer\\Expert\\forum-api\\src\\Interfaces\\http\\api\\threads\\index.js","statementMap":{"0":{"start":{"line":1,"column":16},"end":{"line":1,"column":36}},"1":{"start":{"line":2,"column":15},"end":{"line":2,"column":34}},"2":{"start":{"line":4,"column":0},"end":{"line":9,"column":1}},"3":{"start":{"line":7,"column":4},"end":{"line":7,"column":48}}},"fnMap":{"0":{"name":"(anonymous_0)","decl":{"start":{"line":6,"column":12},"end":{"line":6,"column":13}},"loc":{"start":{"line":6,"column":51},"end":{"line":8,"column":3}},"line":6}},"branchMap":{},"s":{"0":6,"1":6,"2":6,"3":7},"f":{"0":7},"b":{},"_coverageSchema":"1a1c01bbd47fc00a2c39e90264f33305004495a9","hash":"fb5250ddd78f03ea49a70de8730dbe757a9d405a"}
,"D:\\Programming\\application\\submissions\\Backend-Developer\\Expert\\forum-api\\src\\Interfaces\\http\\api\\threads\\routes.js": {"path":"D:\\Programming\\application\\submissions\\Backend-Developer\\Expert\\forum-api\\src\\Interfaces\\http\\api\\threads\\routes.js","statementMap":{"0":{"start":{"line":1,"column":0},"end":{"line":14,"column":1}},"1":{"start":{"line":2,"column":2},"end":{"line":13,"column":3}}},"fnMap":{"0":{"name":"(anonymous_0)","decl":{"start":{"line":1,"column":17},"end":{"line":1,"column":18}},"loc":{"start":{"line":1,"column":36},"end":{"line":14,"column":1}},"line":1}},"branchMap":{},"s":{"0":6,"1":7},"f":{"0":7},"b":{},"_coverageSchema":"1a1c01bbd47fc00a2c39e90264f33305004495a9","hash":"4c6a08769415f0622c8b32438cfd29b3c118e653"}
,"D:\\Programming\\application\\submissions\\Backend-Developer\\Expert\\forum-api\\src\\Interfaces\\http\\api\\users\\handler.js": {"path":"D:\\Programming\\application\\submissions\\Backend-Developer\\Expert\\forum-api\\src\\Interfaces\\http\\api\\users\\handler.js","statementMap":{"0":{"start":{"line":1,"column":20},"end":{"line":1,"column":77}},"1":{"start":{"line":3,"column":0},"end":{"line":21,"column":1}},"2":{"start":{"line":5,"column":4},"end":{"line":5,"column":31}},"3":{"start":{"line":6,"column":4},"end":{"line":6,"column":44}},"4":{"start":{"line":10,"column":81},"end":{"line":10,"column":102}},"5":{"start":{"line":11,"column":24},"end":{"line":11,"column":69}},"6":{"start":{"line":12,"column":24},"end":{"line":12,"column":84}},"7":{"start":{"line":14,"column":4},"end":{"line":19,"column":16}}},"fnMap":{"0":{"name":"(anonymous_0)","decl":{"start":{"line":4,"column":2},"end":{"line":4,"column":3}},"loc":{"start":{"line":4,"column":26},"end":{"line":7,"column":3}},"line":4},"1":{"name":"(anonymous_1)","decl":{"start":{"line":9,"column":2},"end":{"line":9,"column":3}},"loc":{"start":{"line":9,"column":30},"end":{"line":20,"column":3}},"line":9}},"branchMap":{"0":{"loc":{"start":{"line":10,"column":12},"end":{"line":10,"column":32}},"type":"default-arg","locations":[{"start":{"line":10,"column":23},"end":{"line":10,"column":32}}],"line":10},"1":{"loc":{"start":{"line":10,"column":34},"end":{"line":10,"column":54}},"type":"default-arg","locations":[{"start":{"line":10,"column":45},"end":{"line":10,"column":54}}],"line":10},"2":{"loc":{"start":{"line":10,"column":56},"end":{"line":10,"column":76}},"type":"default-arg","locations":[{"start":{"line":10,"column":67},"end":{"line":10,"column":76}}],"line":10},"3":{"loc":{"start":{"line":10,"column":81},"end":{"line":10,"column":102}},"type":"binary-expr","locations":[{"start":{"line":10,"column":81},"end":{"line":10,"column":96}},{"start":{"line":10,"column":100},"end":{"line":10,"column":102}}],"line":10}},"s":{"0":6,"1":6,"2":7,"3":7,"4":10,"5":10,"6":9,"7":1},"f":{"0":7,"1":10},"b":{"0":[2],"1":[2],"2":[2],"3":[10,1]},"_coverageSchema":"1a1c01bbd47fc00a2c39e90264f33305004495a9","hash":"7188eb8c59dc630f6be84283c9818892fae034cf"}
,"D:\\Programming\\application\\submissions\\Backend-Developer\\Expert\\forum-api\\src\\Interfaces\\http\\api\\users\\index.js": {"path":"D:\\Programming\\application\\submissions\\Backend-Developer\\Expert\\forum-api\\src\\Interfaces\\http\\api\\users\\index.js","statementMap":{"0":{"start":{"line":1,"column":16},"end":{"line":1,"column":36}},"1":{"start":{"line":2,"column":15},"end":{"line":2,"column":34}},"2":{"start":{"line":4,"column":0},"end":{"line":9,"column":1}},"3":{"start":{"line":7,"column":4},"end":{"line":7,"column":48}}},"fnMap":{"0":{"name":"(anonymous_0)","decl":{"start":{"line":6,"column":12},"end":{"line":6,"column":13}},"loc":{"start":{"line":6,"column":51},"end":{"line":8,"column":3}},"line":6}},"branchMap":{},"s":{"0":6,"1":6,"2":6,"3":7},"f":{"0":7},"b":{},"_coverageSchema":"1a1c01bbd47fc00a2c39e90264f33305004495a9","hash":"8b279ef5f81202e01c02f028b066fef38a80461c"}
,"D:\\Programming\\application\\submissions\\Backend-Developer\\Expert\\forum-api\\src\\Interfaces\\http\\api\\users\\routes.js": {"path":"D:\\Programming\\application\\submissions\\Backend-Developer\\Expert\\forum-api\\src\\Interfaces\\http\\api\\users\\routes.js","statementMap":{"0":{"start":{"line":1,"column":0},"end":{"line":9,"column":1}},"1":{"start":{"line":2,"column":2},"end":{"line":8,"column":3}}},"fnMap":{"0":{"name":"(anonymous_0)","decl":{"start":{"line":1,"column":17},"end":{"line":1,"column":18}},"loc":{"start":{"line":1,"column":36},"end":{"line":9,"column":1}},"line":1}},"branchMap":{},"s":{"0":6,"1":7},"f":{"0":7},"b":{},"_coverageSchema":"1a1c01bbd47fc00a2c39e90264f33305004495a9","hash":"b0339c7ff44274a158ca206cf89e170171232d08"}
}
