TN:
SF:src\Applications\security\PasswordHashInterface.js
FN:2,(anonymous_0)
FN:13,(anonymous_1)
FN:17,(anonymous_2)
FNF:3
FNH:3
FNDA:7,(anonymous_0)
FNDA:1,(anonymous_1)
FNDA:1,(anonymous_2)
DA:1,10
DA:3,7
DA:4,1
DA:8,10
DA:14,1
DA:18,1
LF:6
LH:6
BRDA:3,0,0,1
BRDA:3,0,1,6
BRF:2
BRH:2
end_of_record
TN:
SF:src\Applications\security\TokenManagerInterface.js
FN:2,(anonymous_0)
FN:13,(anonymous_1)
FN:17,(anonymous_2)
FN:21,(anonymous_3)
FN:25,(anonymous_4)
FN:29,(anonymous_5)
FN:33,(anonymous_6)
FNF:7
FNH:7
FNDA:15,(anonymous_0)
FNDA:1,(anonymous_1)
FNDA:1,(anonymous_2)
FNDA:1,(anonymous_3)
FNDA:1,(anonymous_4)
FNDA:1,(anonymous_5)
FNDA:1,(anonymous_6)
DA:1,12
DA:3,15
DA:4,1
DA:8,12
DA:14,1
DA:18,1
DA:22,1
DA:26,1
DA:30,1
DA:34,1
LF:10
LH:10
BRDA:3,0,0,1
BRDA:3,0,1,14
BRF:2
BRH:2
end_of_record
TN:
SF:src\Applications\use_cases\AuthenticationUseCase.js
FN:10,(anonymous_0)
FN:26,(anonymous_1)
FN:37,(anonymous_2)
FN:51,(anonymous_3)
FN:58,(anonymous_4)
FNF:5
FNH:5
FNDA:6,(anonymous_0)
FNDA:6,(anonymous_1)
FNDA:8,(anonymous_2)
FNDA:5,(anonymous_3)
FNDA:8,(anonymous_4)
DA:1,7
DA:2,7
DA:3,7
DA:4,7
DA:5,7
DA:6,7
DA:7,7
DA:9,7
DA:11,6
DA:13,2
DA:14,2
DA:15,2
DA:16,2
DA:19,7
DA:27,6
DA:29,6
DA:30,5
DA:31,4
DA:32,3
DA:34,2
DA:38,8
DA:39,4
DA:41,3
DA:43,2
DA:44,2
DA:46,2
DA:48,2
DA:52,5
DA:54,3
DA:55,2
DA:59,8
DA:61,4
DA:62,3
DA:64,2
DA:65,2
DA:67,2
LF:36
LH:36
BRDA:29,0,0,1
BRDA:29,0,1,5
BRDA:30,1,0,1
BRDA:30,1,1,4
BRDA:31,2,0,1
BRDA:31,2,1,3
BRDA:32,3,0,1
BRDA:32,3,1,2
BRF:8
BRH:8
end_of_record
TN:
SF:src\Applications\use_cases\CommentUseCase.js
FN:8,(anonymous_0)
FN:22,(anonymous_1)
FN:32,(anonymous_2)
FN:51,(anonymous_3)
FNF:4
FNH:4
FNDA:5,(anonymous_0)
FNDA:5,(anonymous_1)
FNDA:5,(anonymous_2)
FNDA:4,(anonymous_3)
DA:1,7
DA:2,7
DA:3,7
DA:4,7
DA:5,7
DA:7,7
DA:9,5
DA:11,2
DA:12,2
DA:13,2
DA:16,7
DA:23,5
DA:25,5
DA:26,4
DA:27,3
DA:29,2
DA:33,5
DA:35,5
DA:36,5
DA:38,5
DA:40,5
DA:46,2
DA:48,2
DA:52,4
DA:54,4
DA:55,4
DA:57,4
DA:59,4
DA:60,3
DA:61,2
LF:30
LH:30
BRDA:25,0,0,1
BRDA:25,0,1,4
BRDA:26,1,0,1
BRDA:26,1,1,3
BRDA:27,2,0,1
BRDA:27,2,1,2
BRDA:33,3,0,2
BRF:7
BRH:7
end_of_record
TN:
SF:src\Applications\use_cases\ReplyUseCase.js
FN:9,(anonymous_0)
FN:25,(anonymous_1)
FN:36,(anonymous_2)
FN:56,(anonymous_3)
FNF:4
FNH:4
FNDA:6,(anonymous_0)
FNDA:6,(anonymous_1)
FNDA:5,(anonymous_2)
FNDA:4,(anonymous_3)
DA:1,7
DA:2,7
DA:3,7
DA:4,7
DA:5,7
DA:6,7
DA:8,7
DA:10,6
DA:12,2
DA:13,2
DA:14,2
DA:15,2
DA:18,7
DA:26,6
DA:28,6
DA:29,5
DA:30,4
DA:31,3
DA:33,2
DA:37,5
DA:39,5
DA:40,5
DA:41,5
DA:43,5
DA:45,5
DA:51,2
DA:53,2
DA:57,4
DA:59,4
DA:60,4
DA:61,4
DA:63,4
DA:65,4
DA:66,3
DA:67,2
LF:35
LH:35
BRDA:28,0,0,1
BRDA:28,0,1,5
BRDA:29,1,0,1
BRDA:29,1,1,4
BRDA:30,2,0,1
BRDA:30,2,1,3
BRDA:31,3,0,1
BRDA:31,3,1,2
BRDA:37,4,0,2
BRF:9
BRH:9
end_of_record
TN:
SF:src\Applications\use_cases\ThreadUseCase.js
FN:9,(anonymous_0)
FN:25,(anonymous_1)
FN:36,(anonymous_2)
FN:53,(anonymous_3)
FNF:4
FNH:4
FNDA:6,(anonymous_0)
FNDA:6,(anonymous_1)
FNDA:6,(anonymous_2)
FNDA:4,(anonymous_3)
DA:1,7
DA:2,7
DA:3,7
DA:4,7
DA:5,7
DA:6,7
DA:8,7
DA:10,6
DA:12,2
DA:13,2
DA:14,2
DA:15,2
DA:18,7
DA:26,6
DA:28,6
DA:29,5
DA:30,4
DA:31,3
DA:33,2
DA:37,6
DA:39,6
DA:41,6
DA:42,6
DA:48,2
DA:50,2
DA:54,4
DA:56,4
DA:57,3
DA:58,3
DA:60,3
DA:61,3
DA:64,3
LF:32
LH:32
BRDA:28,0,0,1
BRDA:28,0,1,5
BRDA:29,1,0,1
BRDA:29,1,1,4
BRDA:30,2,0,1
BRDA:30,2,1,3
BRDA:31,3,0,1
BRDA:31,3,1,2
BRDA:37,4,0,2
BRDA:37,5,0,2
BRF:10
BRH:10
end_of_record
TN:
SF:src\Applications\use_cases\UserUseCase.js
FN:7,(anonymous_0)
FN:19,(anonymous_1)
FN:28,(anonymous_2)
FNF:3
FNH:3
FNDA:4,(anonymous_0)
FNDA:4,(anonymous_1)
FNDA:10,(anonymous_2)
DA:1,7
DA:2,7
DA:3,7
DA:4,7
DA:6,7
DA:8,4
DA:10,2
DA:11,2
DA:14,7
DA:20,4
DA:22,4
DA:23,3
DA:25,2
DA:29,10
DA:31,3
DA:33,2
DA:34,2
DA:40,2
LF:18
LH:18
BRDA:22,0,0,1
BRDA:22,0,1,3
BRDA:23,1,0,1
BRDA:23,1,1,2
BRF:4
BRH:4
end_of_record
TN:
SF:src\Commons\exceptions\AuthenticationError.js
FN:4,(anonymous_0)
FNF:1
FNH:1
FNDA:15,(anonymous_0)
DA:1,9
DA:3,9
DA:5,15
LF:3
LH:3
BRF:0
BRH:0
end_of_record
TN:
SF:src\Commons\exceptions\AuthorizationError.js
FN:4,(anonymous_0)
FNF:1
FNH:1
FNDA:15,(anonymous_0)
DA:1,9
DA:3,9
DA:5,15
LF:3
LH:3
BRF:0
BRH:0
end_of_record
TN:
SF:src\Commons\exceptions\ClientErrorAbstract.js
FN:6,(anonymous_0)
FNF:1
FNH:1
FNDA:159,(anonymous_0)
DA:1,19
DA:2,19
DA:7,159
DA:9,159
DA:10,1
DA:13,158
DA:14,158
LF:7
LH:7
BRDA:9,0,0,1
BRDA:9,0,1,158
BRF:2
BRH:2
end_of_record
TN:
SF:src\Commons\exceptions\DomainErrorTranslator.js
FN:28,(anonymous_0)
FNF:1
FNH:1
FNDA:74,(anonymous_0)
DA:1,7
DA:2,7
DA:3,7
DA:4,7
DA:5,7
DA:6,7
DA:7,7
DA:9,7
DA:26,7
DA:29,74
DA:30,55
DA:32,19
LF:12
LH:12
BRDA:29,0,0,55
BRDA:29,0,1,19
BRF:2
BRH:2
end_of_record
TN:
SF:src\Commons\exceptions\InvariantError.js
FN:4,(anonymous_0)
FNF:1
FNH:1
FNDA:105,(anonymous_0)
DA:1,11
DA:3,11
DA:5,105
LF:3
LH:3
BRF:0
BRH:0
end_of_record
TN:
SF:src\Commons\exceptions\NotFoundError.js
FN:4,(anonymous_0)
FNF:1
FNH:1
FNDA:22,(anonymous_0)
DA:1,10
DA:3,10
DA:5,22
LF:3
LH:3
BRF:0
BRH:0
end_of_record
TN:
SF:src\Domains\authentications\TokenRepositoryInterface.js
FN:7,(anonymous_0)
FN:13,(anonymous_1)
FN:17,(anonymous_2)
FN:21,(anonymous_3)
FNF:4
FNH:4
FNDA:5,(anonymous_0)
FNDA:1,(anonymous_1)
FNDA:1,(anonymous_2)
FNDA:1,(anonymous_3)
DA:1,9
DA:2,9
DA:8,5
DA:9,1
DA:14,1
DA:18,1
DA:22,1
LF:7
LH:7
BRDA:8,0,0,1
BRDA:8,0,1,4
BRF:2
BRH:2
end_of_record
TN:
SF:src\Domains\authentications\entities\NewAuthentication.js
FN:2,(anonymous_0)
FN:14,(anonymous_1)
FNF:2
FNH:2
FNDA:8,(anonymous_0)
FNDA:8,(anonymous_1)
DA:1,8
DA:3,8
DA:5,4
DA:6,4
DA:9,8
DA:15,8
DA:16,2
DA:19,6
DA:21,6
DA:22,5
DA:24,4
LF:11
LH:11
BRDA:15,0,0,2
BRDA:15,0,1,6
BRDA:15,1,0,8
BRDA:15,1,1,7
BRDA:21,2,0,1
BRDA:21,2,1,5
BRDA:22,3,0,1
BRDA:22,3,1,4
BRF:8
BRH:8
end_of_record
TN:
SF:src\Domains\authentications\entities\RefreshToken.js
FN:2,(anonymous_0)
FN:13,(anonymous_1)
FNF:2
FNH:2
FNDA:22,(anonymous_0)
FNDA:22,(anonymous_1)
DA:1,10
DA:3,22
DA:5,13
DA:8,10
DA:15,22
DA:16,5
DA:19,17
DA:21,17
DA:23,13
LF:9
LH:9
BRDA:15,0,0,5
BRDA:15,0,1,17
BRDA:15,1,0,22
BRDA:15,1,1,21
BRDA:21,2,0,4
BRDA:21,2,1,13
BRF:6
BRH:6
end_of_record
TN:
SF:src\Domains\comments\CommentRepositoryInterface.js
FN:2,(anonymous_0)
FN:13,(anonymous_1)
FN:17,(anonymous_2)
FN:21,(anonymous_3)
FN:25,(anonymous_4)
FN:29,(anonymous_5)
FNF:6
FNH:6
FNDA:9,(anonymous_0)
FNDA:1,(anonymous_1)
FNDA:1,(anonymous_2)
FNDA:1,(anonymous_3)
FNDA:1,(anonymous_4)
FNDA:1,(anonymous_5)
DA:1,11
DA:3,9
DA:4,1
DA:8,11
DA:14,1
DA:18,1
DA:22,1
DA:26,1
DA:30,1
LF:9
LH:9
BRDA:3,0,0,1
BRDA:3,0,1,8
BRF:2
BRH:2
end_of_record
TN:
SF:src\Domains\comments\entities\ArrayItemComment.js
FN:2,(anonymous_0)
FN:17,(anonymous_1)
FNF:2
FNH:2
FNDA:17,(anonymous_0)
FNDA:17,(anonymous_1)
DA:1,9
DA:3,17
DA:5,9
DA:6,9
DA:7,9
DA:8,9
DA:9,9
DA:12,9
DA:18,17
DA:19,2
DA:22,15
DA:24,15
DA:25,14
DA:26,13
DA:27,12
DA:28,11
DA:29,10
DA:31,9
LF:18
LH:18
BRDA:8,0,0,3
BRDA:8,0,1,6
BRDA:18,1,0,2
BRDA:18,1,1,15
BRDA:18,2,0,17
BRDA:18,2,1,16
BRDA:24,3,0,1
BRDA:24,3,1,14
BRDA:25,4,0,1
BRDA:25,4,1,13
BRDA:26,5,0,1
BRDA:26,5,1,12
BRDA:27,6,0,1
BRDA:27,6,1,11
BRDA:28,7,0,1
BRDA:28,7,1,10
BRDA:29,8,0,1
BRDA:29,8,1,9
BRF:18
BRH:18
end_of_record
TN:
SF:src\Domains\comments\entities\Comment.js
FN:2,(anonymous_0)
FN:18,(anonymous_1)
FNF:2
FNH:2
FNDA:15,(anonymous_0)
FNDA:15,(anonymous_1)
DA:1,9
DA:3,15
DA:5,6
DA:6,6
DA:7,6
DA:8,6
DA:9,6
DA:10,6
DA:13,9
DA:19,15
DA:20,2
DA:23,13
DA:25,13
DA:26,12
DA:27,11
DA:28,9
DA:29,8
DA:30,7
DA:32,6
LF:19
LH:19
BRDA:19,0,0,2
BRDA:19,0,1,13
BRDA:19,1,0,15
BRDA:19,1,1,14
BRDA:25,2,0,1
BRDA:25,2,1,12
BRDA:26,3,0,1
BRDA:26,3,1,11
BRDA:27,4,0,2
BRDA:27,4,1,9
BRDA:28,5,0,1
BRDA:28,5,1,8
BRDA:29,6,0,1
BRDA:29,6,1,7
BRDA:30,7,0,1
BRDA:30,7,1,6
BRF:16
BRH:16
end_of_record
TN:
SF:src\Domains\comments\entities\InfoComment.js
FN:2,(anonymous_0)
FN:15,(anonymous_1)
FNF:2
FNH:2
FNDA:9,(anonymous_0)
FNDA:9,(anonymous_1)
DA:1,8
DA:3,9
DA:5,4
DA:6,4
DA:7,4
DA:10,8
DA:16,9
DA:17,2
DA:20,7
DA:22,7
DA:23,6
DA:24,5
DA:26,4
LF:13
LH:13
BRDA:16,0,0,2
BRDA:16,0,1,7
BRDA:16,1,0,9
BRDA:16,1,1,8
BRDA:22,2,0,1
BRDA:22,2,1,6
BRDA:23,3,0,1
BRDA:23,3,1,5
BRDA:24,4,0,1
BRDA:24,4,1,4
BRF:10
BRH:10
end_of_record
TN:
SF:src\Domains\comments\entities\NewComment.js
FN:2,(anonymous_0)
FN:15,(anonymous_1)
FNF:2
FNH:2
FNDA:14,(anonymous_0)
FNDA:14,(anonymous_1)
DA:1,10
DA:3,14
DA:5,6
DA:6,6
DA:7,6
DA:10,10
DA:16,14
DA:17,4
DA:20,10
DA:22,10
DA:23,8
DA:24,7
DA:26,6
LF:13
LH:13
BRDA:16,0,0,4
BRDA:16,0,1,10
BRDA:16,1,0,14
BRDA:16,1,1,13
BRDA:22,2,0,2
BRDA:22,2,1,8
BRDA:23,3,0,1
BRDA:23,3,1,7
BRDA:24,4,0,1
BRDA:24,4,1,6
BRF:10
BRH:10
end_of_record
TN:
SF:src\Domains\replies\ReplyRepositoryInterface.js
FN:2,(anonymous_0)
FN:13,(anonymous_1)
FN:17,(anonymous_2)
FN:21,(anonymous_3)
FN:25,(anonymous_4)
FN:29,(anonymous_5)
FNF:6
FNH:6
FNDA:7,(anonymous_0)
FNDA:1,(anonymous_1)
FNDA:1,(anonymous_2)
FNDA:1,(anonymous_3)
FNDA:1,(anonymous_4)
FNDA:1,(anonymous_5)
DA:1,10
DA:3,7
DA:4,1
DA:8,10
DA:14,1
DA:18,1
DA:22,1
DA:26,1
DA:30,1
LF:9
LH:9
BRDA:3,0,0,1
BRDA:3,0,1,6
BRF:2
BRH:2
end_of_record
TN:
SF:src\Domains\replies\entities\ArrayItemReply.js
FN:2,(anonymous_0)
FN:16,(anonymous_1)
FNF:2
FNH:2
FNDA:12,(anonymous_0)
FNDA:12,(anonymous_1)
DA:1,9
DA:3,12
DA:5,5
DA:6,5
DA:7,5
DA:8,5
DA:11,9
DA:17,12
DA:18,2
DA:21,10
DA:23,10
DA:24,9
DA:25,8
DA:26,7
DA:27,6
DA:29,5
LF:16
LH:16
BRDA:6,0,0,3
BRDA:6,0,1,2
BRDA:17,1,0,2
BRDA:17,1,1,10
BRDA:17,2,0,12
BRDA:17,2,1,11
BRDA:23,3,0,1
BRDA:23,3,1,9
BRDA:24,4,0,1
BRDA:24,4,1,8
BRDA:25,5,0,1
BRDA:25,5,1,7
BRDA:26,6,0,1
BRDA:26,6,1,6
BRDA:27,7,0,1
BRDA:27,7,1,5
BRF:16
BRH:16
end_of_record
TN:
SF:src\Domains\replies\entities\InfoReply.js
FN:2,(anonymous_0)
FN:15,(anonymous_1)
FNF:2
FNH:2
FNDA:9,(anonymous_0)
FNDA:9,(anonymous_1)
DA:1,8
DA:3,9
DA:5,4
DA:6,4
DA:7,4
DA:10,8
DA:16,9
DA:17,2
DA:20,7
DA:22,7
DA:23,6
DA:24,5
DA:26,4
LF:13
LH:13
BRDA:16,0,0,2
BRDA:16,0,1,7
BRDA:16,1,0,9
BRDA:16,1,1,8
BRDA:22,2,0,1
BRDA:22,2,1,6
BRDA:23,3,0,1
BRDA:23,3,1,5
BRDA:24,4,0,1
BRDA:24,4,1,4
BRF:10
BRH:10
end_of_record
TN:
SF:src\Domains\replies\entities\NewReply.js
FN:2,(anonymous_0)
FN:15,(anonymous_1)
FNF:2
FNH:2
FNDA:14,(anonymous_0)
FNDA:14,(anonymous_1)
DA:1,10
DA:3,14
DA:5,6
DA:6,6
DA:7,6
DA:10,10
DA:16,14
DA:17,4
DA:20,10
DA:22,10
DA:23,8
DA:24,7
DA:26,6
LF:13
LH:13
BRDA:16,0,0,4
BRDA:16,0,1,10
BRDA:16,1,0,14
BRDA:16,1,1,13
BRDA:22,2,0,2
BRDA:22,2,1,8
BRDA:23,3,0,1
BRDA:23,3,1,7
BRDA:24,4,0,1
BRDA:24,4,1,6
BRF:10
BRH:10
end_of_record
TN:
SF:src\Domains\replies\entities\Reply.js
FN:2,(anonymous_0)
FN:18,(anonymous_1)
FNF:2
FNH:2
FNDA:15,(anonymous_0)
FNDA:15,(anonymous_1)
DA:1,9
DA:3,15
DA:5,6
DA:6,6
DA:7,6
DA:8,6
DA:9,6
DA:10,6
DA:13,9
DA:19,15
DA:20,2
DA:23,13
DA:25,13
DA:26,12
DA:27,11
DA:28,9
DA:29,8
DA:30,7
DA:32,6
LF:19
LH:19
BRDA:19,0,0,2
BRDA:19,0,1,13
BRDA:19,1,0,15
BRDA:19,1,1,14
BRDA:25,2,0,1
BRDA:25,2,1,12
BRDA:26,3,0,1
BRDA:26,3,1,11
BRDA:27,4,0,2
BRDA:27,4,1,9
BRDA:28,5,0,1
BRDA:28,5,1,8
BRDA:29,6,0,1
BRDA:29,6,1,7
BRDA:30,7,0,1
BRDA:30,7,1,6
BRF:16
BRH:16
end_of_record
TN:
SF:src\Domains\threads\ThreadRepositoryInterface.js
FN:2,(anonymous_0)
FN:13,(anonymous_1)
FN:17,(anonymous_2)
FN:21,(anonymous_3)
FNF:4
FNH:4
FNDA:9,(anonymous_0)
FNDA:1,(anonymous_1)
FNDA:1,(anonymous_2)
FNDA:1,(anonymous_3)
DA:1,11
DA:3,9
DA:4,1
DA:8,11
DA:14,1
DA:18,1
DA:22,1
LF:7
LH:7
BRDA:3,0,0,1
BRDA:3,0,1,8
BRF:2
BRH:2
end_of_record
TN:
SF:src\Domains\threads\entities\DetailedThread.js
FN:2,(anonymous_0)
FN:17,(anonymous_1)
FNF:2
FNH:2
FNDA:13,(anonymous_0)
FNDA:13,(anonymous_1)
DA:1,9
DA:3,13
DA:5,6
DA:6,6
DA:7,6
DA:8,6
DA:9,6
DA:12,9
DA:18,13
DA:19,2
DA:22,11
DA:24,11
DA:25,10
DA:26,9
DA:27,8
DA:28,7
DA:30,6
LF:17
LH:17
BRDA:18,0,0,2
BRDA:18,0,1,11
BRDA:18,1,0,13
BRDA:18,1,1,12
BRDA:24,2,0,1
BRDA:24,2,1,10
BRDA:25,3,0,1
BRDA:25,3,1,9
BRDA:26,4,0,1
BRDA:26,4,1,8
BRDA:27,5,0,1
BRDA:27,5,1,7
BRDA:28,6,0,1
BRDA:28,6,1,6
BRF:14
BRH:14
end_of_record
TN:
SF:src\Domains\threads\entities\InfoThread.js
FN:2,(anonymous_0)
FN:15,(anonymous_1)
FNF:2
FNH:2
FNDA:9,(anonymous_0)
FNDA:9,(anonymous_1)
DA:1,8
DA:3,9
DA:5,4
DA:6,4
DA:7,4
DA:10,8
DA:16,9
DA:17,2
DA:20,7
DA:22,7
DA:23,6
DA:24,5
DA:26,4
LF:13
LH:13
BRDA:16,0,0,2
BRDA:16,0,1,7
BRDA:16,1,0,9
BRDA:16,1,1,8
BRDA:22,2,0,1
BRDA:22,2,1,6
BRDA:23,3,0,1
BRDA:23,3,1,5
BRDA:24,4,0,1
BRDA:24,4,1,4
BRF:10
BRH:10
end_of_record
TN:
SF:src\Domains\threads\entities\NewThread.js
FN:2,(anonymous_0)
FN:15,(anonymous_1)
FNF:2
FNH:2
FNDA:14,(anonymous_0)
FNDA:14,(anonymous_1)
DA:1,10
DA:3,14
DA:5,6
DA:6,6
DA:7,6
DA:10,10
DA:16,14
DA:17,5
DA:20,9
DA:22,9
DA:23,8
DA:24,7
DA:26,6
LF:13
LH:13
BRDA:16,0,0,5
BRDA:16,0,1,9
BRDA:16,1,0,14
BRDA:16,1,1,13
BRDA:22,2,0,1
BRDA:22,2,1,8
BRDA:23,3,0,1
BRDA:23,3,1,7
BRDA:24,4,0,1
BRDA:24,4,1,6
BRF:10
BRH:10
end_of_record
TN:
SF:src\Domains\threads\entities\Thread.js
FN:2,(anonymous_0)
FN:17,(anonymous_1)
FNF:2
FNH:2
FNDA:14,(anonymous_0)
FNDA:14,(anonymous_1)
DA:1,9
DA:3,14
DA:5,6
DA:6,6
DA:7,6
DA:8,6
DA:9,6
DA:12,9
DA:18,14
DA:19,2
DA:22,12
DA:24,12
DA:25,11
DA:26,10
DA:27,8
DA:28,7
DA:30,6
LF:17
LH:17
BRDA:18,0,0,2
BRDA:18,0,1,12
BRDA:18,1,0,14
BRDA:18,1,1,13
BRDA:24,2,0,1
BRDA:24,2,1,11
BRDA:25,3,0,1
BRDA:25,3,1,10
BRDA:26,4,0,2
BRDA:26,4,1,8
BRDA:27,5,0,1
BRDA:27,5,1,7
BRDA:28,6,0,1
BRDA:28,6,1,6
BRF:14
BRH:14
end_of_record
TN:
SF:src\Domains\users\UserRepositoryInterface.js
FN:2,(anonymous_0)
FN:13,(anonymous_1)
FN:17,(anonymous_2)
FN:21,(anonymous_3)
FNF:4
FNH:4
FNDA:7,(anonymous_0)
FNDA:1,(anonymous_1)
FNDA:1,(anonymous_2)
FNDA:1,(anonymous_3)
DA:1,10
DA:3,7
DA:4,1
DA:8,10
DA:14,1
DA:18,1
DA:22,1
LF:7
LH:7
BRDA:3,0,0,1
BRDA:3,0,1,6
BRF:2
BRH:2
end_of_record
TN:
SF:src\Domains\users\entities\User.js
FN:2,(anonymous_0)
FN:16,(anonymous_1)
FNF:2
FNH:2
FNDA:15,(anonymous_0)
FNDA:15,(anonymous_1)
DA:1,9
DA:3,15
DA:5,8
DA:6,8
DA:7,8
DA:8,8
DA:11,9
DA:17,15
DA:18,2
DA:21,13
DA:23,13
DA:24,12
DA:25,10
DA:26,9
DA:28,8
LF:15
LH:15
BRDA:17,0,0,2
BRDA:17,0,1,13
BRDA:17,1,0,15
BRDA:17,1,1,14
BRDA:23,2,0,1
BRDA:23,2,1,12
BRDA:24,3,0,2
BRDA:24,3,1,10
BRDA:25,4,0,1
BRDA:25,4,1,9
BRDA:26,5,0,1
BRDA:26,5,1,8
BRF:12
BRH:12
end_of_record
TN:
SF:src\Domains\users\entities\UserLogin.js
FN:2,(anonymous_0)
FN:14,(anonymous_1)
FNF:2
FNH:2
FNDA:13,(anonymous_0)
FNDA:13,(anonymous_1)
DA:1,9
DA:3,13
DA:5,5
DA:6,5
DA:9,9
DA:15,13
DA:16,5
DA:19,8
DA:21,8
DA:22,7
DA:24,5
LF:11
LH:11
BRDA:15,0,0,5
BRDA:15,0,1,8
BRDA:15,1,0,13
BRDA:15,1,1,12
BRDA:21,2,0,1
BRDA:21,2,1,7
BRDA:22,3,0,2
BRDA:22,3,1,5
BRF:8
BRH:8
end_of_record
TN:
SF:src\Domains\users\entities\UserProfile.js
FN:2,(anonymous_0)
FN:15,(anonymous_1)
FNF:2
FNH:2
FNDA:9,(anonymous_0)
FNDA:9,(anonymous_1)
DA:1,8
DA:3,9
DA:5,4
DA:6,4
DA:7,4
DA:10,8
DA:16,9
DA:17,2
DA:20,7
DA:22,7
DA:23,6
DA:24,5
DA:26,4
LF:13
LH:13
BRDA:16,0,0,2
BRDA:16,0,1,7
BRDA:16,1,0,9
BRDA:16,1,1,8
BRDA:22,2,0,1
BRDA:22,2,1,6
BRDA:23,3,0,1
BRDA:23,3,1,5
BRDA:24,4,0,1
BRDA:24,4,1,4
BRF:10
BRH:10
end_of_record
TN:
SF:src\Domains\users\entities\UserRegistration.js
FN:2,(anonymous_0)
FN:17,(anonymous_1)
FNF:2
FNH:2
FNDA:19,(anonymous_0)
FNDA:19,(anonymous_1)
DA:1,10
DA:3,19
DA:5,6
DA:6,6
DA:7,6
DA:10,10
DA:18,19
DA:19,6
DA:22,13
DA:24,13
DA:25,12
DA:26,11
DA:27,9
DA:28,7
DA:30,6
LF:15
LH:15
BRDA:18,0,0,6
BRDA:18,0,1,13
BRDA:18,1,0,19
BRDA:18,1,1,18
BRDA:24,2,0,1
BRDA:24,2,1,12
BRDA:25,3,0,1
BRDA:25,3,1,11
BRDA:26,4,0,2
BRDA:26,4,1,9
BRDA:27,5,0,2
BRDA:27,5,1,7
BRDA:28,6,0,1
BRDA:28,6,1,6
BRF:14
BRH:14
end_of_record
TN:
SF:src\Infrastructures\http\createServer.js
FN:11,createServer
FN:40,(anonymous_1)
FNF:2
FNH:2
FNDA:7,createServer
FNDA:54,(anonymous_1)
DA:1,6
DA:2,6
DA:3,6
DA:4,6
DA:5,6
DA:6,6
DA:7,6
DA:8,6
DA:9,6
DA:12,7
DA:17,7
DA:40,7
DA:41,54
DA:43,54
DA:44,43
DA:46,43
DA:47,41
DA:51,41
DA:52,41
DA:55,2
DA:56,1
DA:59,1
DA:63,1
DA:64,1
DA:67,11
DA:70,7
DA:73,6
LF:27
LH:27
BRDA:43,0,0,43
BRDA:43,0,1,11
BRDA:46,1,0,41
BRDA:46,1,1,2
BRDA:55,2,0,1
BRDA:55,2,1,1
BRF:6
BRH:6
end_of_record
TN:
SF:src\Infrastructures\repository\CommentRepositoryPostgres.js
FN:8,(anonymous_0)
FN:22,(anonymous_1)
FN:34,(anonymous_2)
FN:41,(anonymous_3)
FN:50,(anonymous_4)
FN:59,(anonymous_5)
FN:77,(anonymous_6)
FNF:7
FNH:7
FNDA:4,(anonymous_0)
FNDA:3,(anonymous_1)
FNDA:2,(anonymous_2)
FNDA:12,(anonymous_3)
FNDA:4,(anonymous_4)
FNDA:3,(anonymous_5)
FNDA:3,(anonymous_6)
DA:1,7
DA:2,7
DA:3,7
DA:4,7
DA:5,7
DA:7,7
DA:9,4
DA:11,4
DA:13,4
DA:14,4
DA:17,7
DA:23,3
DA:24,3
DA:25,3
DA:29,3
DA:31,3
DA:35,2
DA:42,12
DA:47,12
DA:51,4
DA:56,4
DA:60,3
DA:77,3
LF:23
LH:23
BRDA:47,0,0,2
BRDA:47,0,1,10
BRDA:56,1,0,2
BRDA:56,1,1,2
BRF:4
BRH:4
end_of_record
TN:
SF:src\Infrastructures\repository\ReplyRepositoryPostgres.js
FN:8,(anonymous_0)
FN:22,(anonymous_1)
FN:34,(anonymous_2)
FN:41,(anonymous_3)
FN:50,(anonymous_4)
FN:59,(anonymous_5)
FN:77,(anonymous_6)
FNF:7
FNH:7
FNDA:3,(anonymous_0)
FNDA:3,(anonymous_1)
FNDA:2,(anonymous_2)
FNDA:5,(anonymous_3)
FNDA:4,(anonymous_4)
FNDA:3,(anonymous_5)
FNDA:1,(anonymous_6)
DA:1,7
DA:2,7
DA:3,7
DA:4,7
DA:5,7
DA:7,7
DA:9,3
DA:11,3
DA:13,3
DA:14,3
DA:17,7
DA:23,3
DA:24,3
DA:25,3
DA:29,3
DA:31,3
DA:35,2
DA:42,5
DA:47,5
DA:51,4
DA:56,4
DA:60,3
DA:77,3
LF:23
LH:23
BRDA:47,0,0,2
BRDA:47,0,1,3
BRDA:56,1,0,2
BRDA:56,1,1,2
BRF:4
BRH:4
end_of_record
TN:
SF:src\Infrastructures\repository\ThreadRepositoryPostgres.js
FN:7,(anonymous_0)
FN:20,(anonymous_1)
FN:31,(anonymous_2)
FN:40,(anonymous_3)
FNF:4
FNH:4
FNDA:4,(anonymous_0)
FNDA:3,(anonymous_1)
FNDA:19,(anonymous_2)
FNDA:4,(anonymous_3)
DA:1,7
DA:2,7
DA:3,7
DA:4,7
DA:6,7
DA:8,4
DA:10,4
DA:12,4
DA:13,4
DA:16,7
DA:21,3
DA:22,3
DA:23,3
DA:28,3
DA:32,19
DA:37,19
DA:41,4
DA:57,4
DA:59,3
LF:19
LH:19
BRDA:37,0,0,2
BRDA:37,0,1,17
BRDA:57,1,0,1
BRDA:57,1,1,3
BRF:4
BRH:4
end_of_record
TN:
SF:src\Infrastructures\repository\TokenRepositoryPostgres.js
FN:6,(anonymous_0)
FN:18,(anonymous_1)
FN:27,(anonymous_2)
FN:34,(anonymous_3)
FNF:4
FNH:4
FNDA:2,(anonymous_0)
FNDA:3,(anonymous_1)
FNDA:2,(anonymous_2)
FNDA:6,(anonymous_3)
DA:1,7
DA:2,7
DA:3,7
DA:5,7
DA:7,2
DA:9,2
DA:11,2
DA:14,7
DA:19,3
DA:24,3
DA:28,2
DA:35,6
DA:40,6
LF:13
LH:13
BRDA:40,0,0,3
BRDA:40,0,1,3
BRF:2
BRH:2
end_of_record
TN:
SF:src\Infrastructures\repository\UserRepositoryPostgres.js
FN:6,(anonymous_0)
FN:20,(anonymous_1)
FN:31,(anonymous_2)
FN:40,(anonymous_3)
FNF:4
FNH:4
FNDA:3,(anonymous_0)
FNDA:3,(anonymous_1)
FNDA:4,(anonymous_2)
FNDA:3,(anonymous_3)
DA:1,7
DA:2,7
DA:3,7
DA:5,7
DA:7,3
DA:9,3
DA:11,3
DA:12,3
DA:15,7
DA:21,3
DA:22,3
DA:23,3
DA:28,3
DA:32,4
DA:37,4
DA:41,3
DA:46,3
DA:48,2
LF:18
LH:18
BRDA:37,0,0,2
BRDA:37,0,1,2
BRDA:46,1,0,1
BRDA:46,1,1,2
BRF:4
BRH:4
end_of_record
TN:
SF:src\Infrastructures\security\BcryptPasswordHash.js
FN:6,(anonymous_0)
FN:19,(anonymous_1)
FN:23,(anonymous_2)
FNF:3
FNH:3
FNDA:3,(anonymous_0)
FNDA:5,(anonymous_1)
FNDA:4,(anonymous_2)
DA:1,7
DA:2,7
DA:3,7
DA:5,7
DA:7,3
DA:9,3
DA:11,3
DA:12,3
DA:15,7
DA:20,5
DA:24,4
DA:26,4
DA:27,2
LF:13
LH:13
BRDA:26,0,0,2
BRDA:26,0,1,2
BRF:2
BRH:2
end_of_record
TN:
SF:src\Infrastructures\security\JwtManager.js
FN:6,(anonymous_0)
FN:23,(anonymous_1)
FN:30,(anonymous_2)
FN:34,(anonymous_3)
FN:38,(anonymous_4)
FN:47,(anonymous_5)
FN:56,(anonymous_6)
FNF:7
FNH:7
FNDA:9,(anonymous_0)
FNDA:24,(anonymous_1)
FNDA:20,(anonymous_2)
FNDA:5,(anonymous_3)
FNDA:5,(anonymous_4)
FNDA:21,(anonymous_5)
FNDA:21,(anonymous_6)
DA:1,7
DA:2,7
DA:3,7
DA:5,7
DA:7,9
DA:9,9
DA:11,9
DA:12,9
DA:13,9
DA:14,9
DA:17,7
DA:24,24
DA:25,5
DA:27,19
DA:31,20
DA:35,5
DA:39,5
DA:40,5
DA:41,3
DA:43,2
DA:48,21
DA:49,21
DA:50,20
DA:52,1
DA:57,21
DA:58,21
LF:26
LH:26
BRDA:24,0,0,5
BRDA:24,0,1,19
BRF:2
BRH:2
end_of_record
TN:
SF:src\Interfaces\http\api\authentications\handler.js
FN:4,(anonymous_0)
FN:11,(anonymous_1)
FN:24,(anonymous_2)
FN:33,(anonymous_3)
FNF:4
FNH:4
FNDA:7,(anonymous_0)
FNDA:7,(anonymous_1)
FNDA:4,(anonymous_2)
FNDA:5,(anonymous_3)
DA:1,6
DA:3,6
DA:5,7
DA:6,7
DA:7,7
DA:8,7
DA:12,7
DA:13,7
DA:14,7
DA:16,1
DA:25,4
DA:26,4
DA:28,1
DA:34,5
DA:35,5
DA:37,1
LF:16
LH:16
BRDA:12,0,0,2
BRDA:12,1,0,2
BRDA:12,2,0,7
BRDA:12,2,1,1
BRF:4
BRH:4
end_of_record
TN:
SF:src\Interfaces\http\api\authentications\index.js
FN:6,(anonymous_0)
FNF:1
FNH:1
FNDA:7,(anonymous_0)
DA:1,6
DA:2,6
DA:4,6
DA:7,7
LF:4
LH:4
BRF:0
BRH:0
end_of_record
TN:
SF:src\Interfaces\http\api\authentications\routes.js
FN:1,(anonymous_0)
FNF:1
FNH:1
FNDA:7,(anonymous_0)
DA:1,6
DA:2,7
LF:2
LH:2
BRF:0
BRH:0
end_of_record
TN:
SF:src\Interfaces\http\api\comments\handler.js
FN:5,(anonymous_0)
FN:12,(anonymous_1)
FN:27,(anonymous_2)
FNF:3
FNH:3
FNDA:7,(anonymous_0)
FNDA:5,(anonymous_1)
FNDA:4,(anonymous_2)
DA:1,6
DA:2,6
DA:4,6
DA:6,7
DA:8,7
DA:9,7
DA:13,5
DA:14,5
DA:15,5
DA:16,5
DA:17,4
DA:19,1
DA:28,4
DA:29,4
DA:30,4
DA:32,3
DA:34,1
LF:17
LH:17
BRDA:14,0,0,2
BRDA:14,1,0,5
BRDA:14,1,1,1
BRF:3
BRH:3
end_of_record
TN:
SF:src\Interfaces\http\api\comments\index.js
FN:6,(anonymous_0)
FNF:1
FNH:1
FNDA:7,(anonymous_0)
DA:1,6
DA:2,6
DA:4,6
DA:7,7
LF:4
LH:4
BRF:0
BRH:0
end_of_record
TN:
SF:src\Interfaces\http\api\comments\routes.js
FN:1,(anonymous_0)
FNF:1
FNH:1
FNDA:7,(anonymous_0)
DA:1,6
DA:2,7
LF:2
LH:2
BRF:0
BRH:0
end_of_record
TN:
SF:src\Interfaces\http\api\replies\handler.js
FN:5,(anonymous_0)
FN:12,(anonymous_1)
FN:27,(anonymous_2)
FNF:3
FNH:3
FNDA:7,(anonymous_0)
FNDA:5,(anonymous_1)
FNDA:4,(anonymous_2)
DA:1,6
DA:2,6
DA:4,6
DA:6,7
DA:8,7
DA:9,7
DA:13,5
DA:14,5
DA:15,5
DA:16,5
DA:17,4
DA:19,1
DA:28,4
DA:29,4
DA:30,4
DA:32,3
DA:34,1
LF:17
LH:17
BRDA:14,0,0,2
BRDA:14,1,0,5
BRDA:14,1,1,1
BRF:3
BRH:3
end_of_record
TN:
SF:src\Interfaces\http\api\replies\index.js
FN:6,(anonymous_0)
FNF:1
FNH:1
FNDA:7,(anonymous_0)
DA:1,6
DA:2,6
DA:4,6
DA:7,7
LF:4
LH:4
BRF:0
BRH:0
end_of_record
TN:
SF:src\Interfaces\http\api\replies\routes.js
FN:1,(anonymous_0)
FNF:1
FNH:1
FNDA:7,(anonymous_0)
DA:1,6
DA:2,7
LF:2
LH:2
BRF:0
BRH:0
end_of_record
TN:
SF:src\Interfaces\http\api\threads\handler.js
FN:5,(anonymous_0)
FN:12,(anonymous_1)
FN:26,(anonymous_2)
FNF:3
FNH:3
FNDA:7,(anonymous_0)
FNDA:6,(anonymous_1)
FNDA:3,(anonymous_2)
DA:1,6
DA:2,6
DA:4,6
DA:6,7
DA:8,7
DA:9,7
DA:13,6
DA:14,6
DA:15,6
DA:16,5
DA:18,1
DA:27,3
DA:28,3
DA:29,3
DA:31,2
LF:15
LH:15
BRDA:13,0,0,2
BRDA:13,1,0,2
BRDA:13,2,0,6
BRDA:13,2,1,1
BRF:4
BRH:4
end_of_record
TN:
SF:src\Interfaces\http\api\threads\index.js
FN:6,(anonymous_0)
FNF:1
FNH:1
FNDA:7,(anonymous_0)
DA:1,6
DA:2,6
DA:4,6
DA:7,7
LF:4
LH:4
BRF:0
BRH:0
end_of_record
TN:
SF:src\Interfaces\http\api\threads\routes.js
FN:1,(anonymous_0)
FNF:1
FNH:1
FNDA:7,(anonymous_0)
DA:1,6
DA:2,7
LF:2
LH:2
BRF:0
BRH:0
end_of_record
TN:
SF:src\Interfaces\http\api\users\handler.js
FN:4,(anonymous_0)
FN:9,(anonymous_1)
FNF:2
FNH:2
FNDA:7,(anonymous_0)
FNDA:10,(anonymous_1)
DA:1,6
DA:3,6
DA:5,7
DA:6,7
DA:10,10
DA:11,10
DA:12,9
DA:14,1
LF:8
LH:8
BRDA:10,0,0,2
BRDA:10,1,0,2
BRDA:10,2,0,2
BRDA:10,3,0,10
BRDA:10,3,1,1
BRF:5
BRH:5
end_of_record
TN:
SF:src\Interfaces\http\api\users\index.js
FN:6,(anonymous_0)
FNF:1
FNH:1
FNDA:7,(anonymous_0)
DA:1,6
DA:2,6
DA:4,6
DA:7,7
LF:4
LH:4
BRF:0
BRH:0
end_of_record
TN:
SF:src\Interfaces\http\api\users\routes.js
FN:1,(anonymous_0)
FNF:1
FNH:1
FNDA:7,(anonymous_0)
DA:1,6
DA:2,7
LF:2
LH:2
BRF:0
BRH:0
end_of_record
